{"meta": {"format": 3, "version": "7.10.7", "timestamp": "2025-11-23T23:15:06.620328", "branch_coverage": false, "show_contexts": false}, "files": {"raglite/agentic/agents/analysis_agent.py": {"executed_lines": [1, 10, 11, 13, 14, 15, 18, 20, 23, 24, 25, 27, 30, 36, 37, 39, 40, 42, 45, 46, 48, 51, 57, 58, 60, 61, 63, 64, 66, 67, 69, 72, 80, 83, 84, 87, 88, 90, 91, 93, 96, 97, 98, 99, 101, 103, 105, 108, 113, 116, 117, 119, 122, 123, 125, 128, 129, 162, 163, 164, 166, 172, 173, 176, 179, 180, 183, 184, 185, 186, 187, 188, 189, 190, 191, 193, 204, 205, 211, 212, 215, 216, 218, 219, 220, 221, 222, 223, 224, 225, 226, 229, 230, 231, 232, 233, 234, 235, 236, 241, 252, 258, 266, 267, 269, 278, 280, 281, 282, 284, 295, 302, 305, 329, 330, 333, 343, 349, 351, 357, 365, 367, 368, 374, 377, 386, 388, 395, 398, 400, 403, 405, 406, 407, 408, 409, 410, 412], "summary": {"covered_lines": 137, "num_statements": 144, "percent_covered": 95.13888888888889, "percent_covered_display": "95.14", "missing_lines": 7, "excluded_lines": 0}, "missing_lines": [43, 81, 114, 120, 206, 238, 396], "excluded_lines": [], "functions": {"_calculate_yoy_growth": {"executed_lines": [36, 37, 39, 40, 42, 45, 46, 48], "summary": {"covered_lines": 8, "num_statements": 9, "percent_covered": 88.88888888888889, "percent_covered_display": "88.89", "missing_lines": 1, "excluded_lines": 0}, "missing_lines": [43], "excluded_lines": []}, "_calculate_variance": {"executed_lines": [57, 58, 60, 61, 63, 64, 66, 67, 69], "summary": {"covered_lines": 9, "num_statements": 9, "percent_covered": 100.0, "percent_covered_display": "100.00", "missing_lines": 0, "excluded_lines": 0}, "missing_lines": [], "excluded_lines": []}, "_calculate_trend": {"executed_lines": [80, 83, 84, 87, 88, 90, 91, 93, 96, 97, 98, 99, 101, 103, 105], "summary": {"covered_lines": 15, "num_statements": 16, "percent_covered": 93.75, "percent_covered_display": "93.75", "missing_lines": 1, "excluded_lines": 0}, "missing_lines": [81], "excluded_lines": []}, "_calculate_percentage": {"executed_lines": [113, 116, 117, 119, 122, 123, 125], "summary": {"covered_lines": 7, "num_statements": 9, "percent_covered": 77.77777777777777, "percent_covered_display": "77.78", "missing_lines": 2, "excluded_lines": 0}, "missing_lines": [114, 120], "excluded_lines": []}, "analysis_agent": {"executed_lines": [162, 163, 164, 166, 172, 173, 176, 179, 180, 183, 184, 185, 186, 187, 188, 189, 190, 191, 193, 204, 205, 211, 212, 215, 216, 218, 219, 220, 221, 222, 223, 224, 225, 226, 229, 230, 231, 232, 233, 234, 235, 236, 241, 252, 258, 266, 267, 269, 278, 280, 281, 282, 284, 295, 302], "summary": {"covered_lines": 55, "num_statements": 57, "percent_covered": 96.49122807017544, "percent_covered_display": "96.49", "missing_lines": 2, "excluded_lines": 0}, "missing_lines": [206, 238], "excluded_lines": []}, "_get_claude_reasoning": {"executed_lines": [329, 330, 333, 343, 349, 351, 357, 365, 367, 368, 374], "summary": {"covered_lines": 11, "num_statements": 11, "percent_covered": 100.0, "percent_covered_display": "100.00", "missing_lines": 0, "excluded_lines": 0}, "missing_lines": [], "excluded_lines": []}, "_build_analysis_prompt": {"executed_lines": [386, 388, 395, 398, 400], "summary": {"covered_lines": 5, "num_statements": 6, "percent_covered": 83.33333333333333, "percent_covered_display": "83.33", "missing_lines": 1, "excluded_lines": 0}, "missing_lines": [396], "excluded_lines": []}, "_get_default_reasoning": {"executed_lines": [405, 406, 407, 408, 409, 410, 412], "summary": {"covered_lines": 7, "num_statements": 7, "percent_covered": 100.0, "percent_covered_display": "100.00", "missing_lines": 0, "excluded_lines": 0}, "missing_lines": [], "excluded_lines": []}, "": {"executed_lines": [1, 10, 11, 13, 14, 15, 18, 20, 23, 24, 25, 27, 30, 51, 72, 108, 128, 129, 305, 377, 403], "summary": {"covered_lines": 20, "num_statements": 20, "percent_covered": 100.0, "percent_covered_display": "100.00", "missing_lines": 0, "excluded_lines": 0}, "missing_lines": [], "excluded_lines": []}}, "classes": {"": {"executed_lines": [1, 10, 11, 13, 14, 15, 18, 20, 23, 24, 25, 27, 30, 36, 37, 39, 40, 42, 45, 46, 48, 51, 57, 58, 60, 61, 63, 64, 66, 67, 69, 72, 80, 83, 84, 87, 88, 90, 91, 93, 96, 97, 98, 99, 101, 103, 105, 108, 113, 116, 117, 119, 122, 123, 125, 128, 129, 162, 163, 164, 166, 172, 173, 176, 179, 180, 183, 184, 185, 186, 187, 188, 189, 190, 191, 193, 204, 205, 211, 212, 215, 216, 218, 219, 220, 221, 222, 223, 224, 225, 226, 229, 230, 231, 232, 233, 234, 235, 236, 241, 252, 258, 266, 267, 269, 278, 280, 281, 282, 284, 295, 302, 305, 329, 330, 333, 343, 349, 351, 357, 365, 367, 368, 374, 377, 386, 388, 395, 398, 400, 403, 405, 406, 407, 408, 409, 410, 412], "summary": {"covered_lines": 137, "num_statements": 144, "percent_covered": 95.13888888888889, "percent_covered_display": "95.14", "missing_lines": 7, "excluded_lines": 0}, "missing_lines": [43, 81, 114, 120, 206, 238, 396], "excluded_lines": []}}}, "raglite/agentic/agents/mock_retrieval.py": {"executed_lines": [1, 7, 8, 10, 13, 14, 19, 21, 23, 32, 38, 40, 41, 42, 43, 45, 53, 55, 65, 104], "summary": {"covered_lines": 18, "num_statements": 18, "percent_covered": 100.0, "percent_covered_display": "100.00", "missing_lines": 0, "excluded_lines": 0}, "missing_lines": [], "excluded_lines": [], "functions": {"MockRetrievalAgent.__init__": {"executed_lines": [21], "summary": {"covered_lines": 1, "num_statements": 1, "percent_covered": 100.0, "percent_covered_display": "100.00", "missing_lines": 0, "excluded_lines": 0}, "missing_lines": [], "excluded_lines": []}, "MockRetrievalAgent.__call__": {"executed_lines": [32, 38, 40, 41, 42, 43, 45, 53], "summary": {"covered_lines": 8, "num_statements": 8, "percent_covered": 100.0, "percent_covered_display": "100.00", "missing_lines": 0, "excluded_lines": 0}, "missing_lines": [], "excluded_lines": []}, "MockRetrievalAgent._generate_mock_chunks": {"executed_lines": [65, 104], "summary": {"covered_lines": 2, "num_statements": 2, "percent_covered": 100.0, "percent_covered_display": "100.00", "missing_lines": 0, "excluded_lines": 0}, "missing_lines": [], "excluded_lines": []}, "": {"executed_lines": [1, 7, 8, 10, 13, 14, 19, 23, 55], "summary": {"covered_lines": 7, "num_statements": 7, "percent_covered": 100.0, "percent_covered_display": "100.00", "missing_lines": 0, "excluded_lines": 0}, "missing_lines": [], "excluded_lines": []}}, "classes": {"MockRetrievalAgent": {"executed_lines": [21, 32, 38, 40, 41, 42, 43, 45, 53, 65, 104], "summary": {"covered_lines": 11, "num_statements": 11, "percent_covered": 100.0, "percent_covered_display": "100.00", "missing_lines": 0, "excluded_lines": 0}, "missing_lines": [], "excluded_lines": []}, "": {"executed_lines": [1, 7, 8, 10, 13, 14, 19, 23, 55], "summary": {"covered_lines": 7, "num_statements": 7, "percent_covered": 100.0, "percent_covered_display": "100.00", "missing_lines": 0, "excluded_lines": 0}, "missing_lines": [], "excluded_lines": []}}}, "raglite/agentic/agents/mock_synthesis.py": {"executed_lines": [1, 7, 8, 10, 13, 14, 19, 21, 23, 32, 44, 45, 49, 50, 53, 55, 56, 57, 59, 67, 69, 78, 82, 84, 92], "summary": {"covered_lines": 23, "num_statements": 24, "percent_covered": 95.83333333333333, "percent_covered_display": "95.83", "missing_lines": 1, "excluded_lines": 0}, "missing_lines": [79], "excluded_lines": [], "functions": {"MockSynthesisAgent.__init__": {"executed_lines": [21], "summary": {"covered_lines": 1, "num_statements": 1, "percent_covered": 100.0, "percent_covered_display": "100.00", "missing_lines": 0, "excluded_lines": 0}, "missing_lines": [], "excluded_lines": []}, "MockSynthesisAgent.__call__": {"executed_lines": [32, 44, 45, 49, 50, 53, 55, 56, 57, 59, 67], "summary": {"covered_lines": 11, "num_statements": 11, "percent_covered": 100.0, "percent_covered_display": "100.00", "missing_lines": 0, "excluded_lines": 0}, "missing_lines": [], "excluded_lines": []}, "MockSynthesisAgent._generate_mock_synthesis": {"executed_lines": [78, 82, 84, 92], "summary": {"covered_lines": 4, "num_statements": 5, "percent_covered": 80.0, "percent_covered_display": "80.00", "missing_lines": 1, "excluded_lines": 0}, "missing_lines": [79], "excluded_lines": []}, "": {"executed_lines": [1, 7, 8, 10, 13, 14, 19, 23, 69], "summary": {"covered_lines": 7, "num_statements": 7, "percent_covered": 100.0, "percent_covered_display": "100.00", "missing_lines": 0, "excluded_lines": 0}, "missing_lines": [], "excluded_lines": []}}, "classes": {"MockSynthesisAgent": {"executed_lines": [21, 32, 44, 45, 49, 50, 53, 55, 56, 57, 59, 67, 78, 82, 84, 92], "summary": {"covered_lines": 16, "num_statements": 17, "percent_covered": 94.11764705882354, "percent_covered_display": "94.12", "missing_lines": 1, "excluded_lines": 0}, "missing_lines": [79], "excluded_lines": []}, "": {"executed_lines": [1, 7, 8, 10, 13, 14, 19, 23, 69], "summary": {"covered_lines": 7, "num_statements": 7, "percent_covered": 100.0, "percent_covered_display": "100.00", "missing_lines": 0, "excluded_lines": 0}, "missing_lines": [], "excluded_lines": []}}}, "raglite/agentic/agents/retrieval_agent.py": {"executed_lines": [1, 10, 11, 13, 14, 15, 18, 20, 23, 27, 29, 32, 33, 76, 77, 78, 79, 80, 82, 84, 85, 88, 89, 94, 97, 98, 99, 103, 104, 113, 117, 133, 134, 137, 139, 140, 148, 150, 152, 153, 161, 164, 167, 174, 175, 177, 185, 186, 196], "summary": {"covered_lines": 48, "num_statements": 49, "percent_covered": 97.95918367346938, "percent_covered_display": "97.96", "missing_lines": 1, "excluded_lines": 0}, "missing_lines": [100], "excluded_lines": [], "functions": {"retrieval_agent": {"executed_lines": [76, 77, 78, 79, 80, 82, 84, 85, 88, 89, 94, 97, 98, 99, 103, 104, 113, 117, 133, 134, 137, 139, 140, 148, 150, 152, 153, 161, 164, 167, 174, 175, 177, 185, 186, 196], "summary": {"covered_lines": 36, "num_statements": 37, "percent_covered": 97.29729729729729, "percent_covered_display": "97.30", "missing_lines": 1, "excluded_lines": 0}, "missing_lines": [100], "excluded_lines": []}, "": {"executed_lines": [1, 10, 11, 13, 14, 15, 18, 20, 23, 27, 29, 32, 33], "summary": {"covered_lines": 12, "num_statements": 12, "percent_covered": 100.0, "percent_covered_display": "100.00", "missing_lines": 0, "excluded_lines": 0}, "missing_lines": [], "excluded_lines": []}}, "classes": {"": {"executed_lines": [1, 10, 11, 13, 14, 15, 18, 20, 23, 27, 29, 32, 33, 76, 77, 78, 79, 80, 82, 84, 85, 88, 89, 94, 97, 98, 99, 103, 104, 113, 117, 133, 134, 137, 139, 140, 148, 150, 152, 153, 161, 164, 167, 174, 175, 177, 185, 186, 196], "summary": {"covered_lines": 48, "num_statements": 49, "percent_covered": 97.95918367346938, "percent_covered_display": "97.96", "missing_lines": 1, "excluded_lines": 0}, "missing_lines": [100], "excluded_lines": []}}}, "raglite/agentic/agents/synthesis_agent.py": {"executed_lines": [1, 8, 9, 10, 12, 13, 14, 16, 18, 21, 24, 25, 27, 30, 31, 33, 38, 78, 98, 101, 102, 104, 105, 106, 107, 108, 109, 110, 111, 113, 114, 125, 149, 155, 157, 160, 162, 165, 167, 168, 170, 173, 195, 198, 200, 201, 202, 280, 281, 311, 312, 313, 315, 317, 320, 321, 322, 325, 326, 330, 331, 332, 337, 338, 339, 340, 343, 351, 355, 367, 370, 375, 376, 377, 384, 386, 390, 391, 399, 411, 412, 414, 425], "summary": {"covered_lines": 82, "num_statements": 155, "percent_covered": 52.903225806451616, "percent_covered_display": "52.90", "missing_lines": 73, "excluded_lines": 0}, "missing_lines": [34, 35, 56, 59, 60, 61, 62, 63, 64, 67, 68, 69, 70, 71, 72, 73, 75, 115, 116, 117, 118, 119, 120, 158, 163, 164, 196, 204, 207, 208, 210, 211, 212, 213, 214, 215, 216, 217, 219, 220, 221, 222, 223, 224, 225, 226, 231, 255, 262, 264, 265, 267, 269, 270, 271, 272, 274, 275, 277, 327, 334, 344, 346, 348, 353, 368, 371, 427, 428, 429, 431, 442, 453], "excluded_lines": [], "functions": {"_synthesize_simple": {"executed_lines": [], "summary": {"covered_lines": 0, "num_statements": 15, "percent_covered": 0.0, "percent_covered_display": "0.00", "missing_lines": 15, "excluded_lines": 0}, "missing_lines": [56, 59, 60, 61, 62, 63, 64, 67, 68, 69, 70, 71, 72, 73, 75], "excluded_lines": []}, "_synthesize_with_mistral": {"executed_lines": [98, 101, 102, 104, 105, 106, 107, 108, 109, 110, 111, 113, 114, 125, 149, 155, 157, 160, 162, 165, 167, 168, 170], "summary": {"covered_lines": 23, "num_statements": 32, "percent_covered": 71.875, "percent_covered_display": "71.88", "missing_lines": 9, "excluded_lines": 0}, "missing_lines": [115, 116, 117, 118, 119, 120, 158, 163, 164], "excluded_lines": []}, "_synthesize_with_openai": {"executed_lines": [195, 198, 200, 201, 202], "summary": {"covered_lines": 5, "num_statements": 38, "percent_covered": 13.157894736842104, "percent_covered_display": "13.16", "missing_lines": 33, "excluded_lines": 0}, "missing_lines": [196, 204, 207, 208, 210, 211, 212, 213, 214, 215, 216, 217, 219, 220, 221, 222, 223, 224, 225, 226, 231, 255, 262, 264, 265, 267, 269, 270, 271, 272, 274, 275, 277], "excluded_lines": []}, "synthesis_agent": {"executed_lines": [311, 312, 313, 315, 317, 320, 321, 322, 325, 326, 330, 331, 332, 337, 338, 339, 340, 343, 351, 355, 367, 370, 375, 376, 377, 384, 386, 390, 391, 399, 411, 412, 414, 425], "summary": {"covered_lines": 34, "num_statements": 48, "percent_covered": 70.83333333333333, "percent_covered_display": "70.83", "missing_lines": 14, "excluded_lines": 0}, "missing_lines": [327, 334, 344, 346, 348, 353, 368, 371, 427, 428, 429, 431, 442, 453], "excluded_lines": []}, "": {"executed_lines": [1, 8, 9, 10, 12, 13, 14, 16, 18, 21, 24, 25, 27, 30, 31, 33, 38, 78, 173, 280, 281], "summary": {"covered_lines": 20, "num_statements": 22, "percent_covered": 90.9090909090909, "percent_covered_display": "90.91", "missing_lines": 2, "excluded_lines": 0}, "missing_lines": [34, 35], "excluded_lines": []}}, "classes": {"": {"executed_lines": [1, 8, 9, 10, 12, 13, 14, 16, 18, 21, 24, 25, 27, 30, 31, 33, 38, 78, 98, 101, 102, 104, 105, 106, 107, 108, 109, 110, 111, 113, 114, 125, 149, 155, 157, 160, 162, 165, 167, 168, 170, 173, 195, 198, 200, 201, 202, 280, 281, 311, 312, 313, 315, 317, 320, 321, 322, 325, 326, 330, 331, 332, 337, 338, 339, 340, 343, 351, 355, 367, 370, 375, 376, 377, 384, 386, 390, 391, 399, 411, 412, 414, 425], "summary": {"covered_lines": 82, "num_statements": 155, "percent_covered": 52.903225806451616, "percent_covered_display": "52.90", "missing_lines": 73, "excluded_lines": 0}, "missing_lines": [34, 35, 56, 59, 60, 61, 62, 63, 64, 67, 68, 69, 70, 71, 72, 73, 75, 115, 116, 117, 118, 119, 120, 158, 163, 164, 196, 204, 207, 208, 210, 211, 212, 213, 214, 215, 216, 217, 219, 220, 221, 222, 223, 224, 225, 226, 231, 255, 262, 264, 265, 267, 269, 270, 271, 272, 274, 275, 277, 327, 334, 344, 346, 348, 353, 368, 371, 427, 428, 429, 431, 442, 453], "excluded_lines": []}}}, "raglite/agentic/error_handler.py": {"executed_lines": [1, 7, 8, 9, 11, 12, 14, 17, 18, 20, 35, 36, 37, 38, 40, 43, 44, 51, 58, 59, 61, 82, 84, 85, 87, 88, 89, 95, 97, 98, 99, 109, 111, 124, 133, 134, 138, 140, 142, 144, 146, 148, 159, 160, 161, 163, 171, 172, 173, 184, 186, 205, 211, 218, 228, 230, 236, 238, 240], "summary": {"covered_lines": 56, "num_statements": 56, "percent_covered": 100.0, "percent_covered_display": "100.00", "missing_lines": 0, "excluded_lines": 0}, "missing_lines": [], "excluded_lines": [], "functions": {"AgentExecutionError.__init__": {"executed_lines": [35, 36, 37, 38, 40], "summary": {"covered_lines": 5, "num_statements": 5, "percent_covered": 100.0, "percent_covered_display": "100.00", "missing_lines": 0, "excluded_lines": 0}, "missing_lines": [], "excluded_lines": []}, "WorkflowErrorHandler.__init__": {"executed_lines": [58, 59], "summary": {"covered_lines": 2, "num_statements": 2, "percent_covered": 100.0, "percent_covered_display": "100.00", "missing_lines": 0, "excluded_lines": 0}, "missing_lines": [], "excluded_lines": []}, "WorkflowErrorHandler.execute_with_fallback": {"executed_lines": [82, 84, 85, 87, 88, 89, 95, 97, 98, 99, 109], "summary": {"covered_lines": 11, "num_statements": 11, "percent_covered": 100.0, "percent_covered_display": "100.00", "missing_lines": 0, "excluded_lines": 0}, "missing_lines": [], "excluded_lines": []}, "WorkflowErrorHandler.fallback_to_simple_search": {"executed_lines": [124, 133, 134, 138, 140, 142, 144, 146, 148, 159, 160, 161, 163, 171, 172, 173, 184], "summary": {"covered_lines": 17, "num_statements": 17, "percent_covered": 100.0, "percent_covered_display": "100.00", "missing_lines": 0, "excluded_lines": 0}, "missing_lines": [], "excluded_lines": []}, "WorkflowErrorHandler._log_error": {"executed_lines": [205, 211, 218, 228], "summary": {"covered_lines": 4, "num_statements": 4, "percent_covered": 100.0, "percent_covered_display": "100.00", "missing_lines": 0, "excluded_lines": 0}, "missing_lines": [], "excluded_lines": []}, "WorkflowErrorHandler.get_error_log": {"executed_lines": [236], "summary": {"covered_lines": 1, "num_statements": 1, "percent_covered": 100.0, "percent_covered_display": "100.00", "missing_lines": 0, "excluded_lines": 0}, "missing_lines": [], "excluded_lines": []}, "WorkflowErrorHandler.clear_error_log": {"executed_lines": [240], "summary": {"covered_lines": 1, "num_statements": 1, "percent_covered": 100.0, "percent_covered_display": "100.00", "missing_lines": 0, "excluded_lines": 0}, "missing_lines": [], "excluded_lines": []}, "": {"executed_lines": [1, 7, 8, 9, 11, 12, 14, 17, 18, 20, 43, 44, 51, 61, 111, 186, 230, 238], "summary": {"covered_lines": 15, "num_statements": 15, "percent_covered": 100.0, "percent_covered_display": "100.00", "missing_lines": 0, "excluded_lines": 0}, "missing_lines": [], "excluded_lines": []}}, "classes": {"AgentExecutionError": {"executed_lines": [35, 36, 37, 38, 40], "summary": {"covered_lines": 5, "num_statements": 5, "percent_covered": 100.0, "percent_covered_display": "100.00", "missing_lines": 0, "excluded_lines": 0}, "missing_lines": [], "excluded_lines": []}, "WorkflowErrorHandler": {"executed_lines": [58, 59, 82, 84, 85, 87, 88, 89, 95, 97, 98, 99, 109, 124, 133, 134, 138, 140, 142, 144, 146, 148, 159, 160, 161, 163, 171, 172, 173, 184, 205, 211, 218, 228, 236, 240], "summary": {"covered_lines": 36, "num_statements": 36, "percent_covered": 100.0, "percent_covered_display": "100.00", "missing_lines": 0, "excluded_lines": 0}, "missing_lines": [], "excluded_lines": []}, "": {"executed_lines": [1, 7, 8, 9, 11, 12, 14, 17, 18, 20, 43, 44, 51, 61, 111, 186, 230, 238], "summary": {"covered_lines": 15, "num_statements": 15, "percent_covered": 100.0, "percent_covered_display": "100.00", "missing_lines": 0, "excluded_lines": 0}, "missing_lines": [], "excluded_lines": []}}}, "raglite/agentic/fallback.py": {"executed_lines": [1, 16, 17, 18, 20, 22, 23, 25, 29, 30, 32, 33, 34, 35, 38, 53, 54, 57, 58, 61, 62, 65, 72, 75, 78, 92, 94, 96, 98, 101, 104, 105, 107, 108, 109, 112, 113, 118, 119, 120, 121, 124, 127, 130, 133, 136, 139, 162, 164, 168, 170, 172, 173, 182, 184, 186, 187, 196, 199, 214, 215, 216, 217, 218, 222, 223, 224, 225, 226, 230, 231, 232, 233, 234, 239, 240, 241, 242, 247, 262, 263, 269, 273, 276, 277, 280, 281, 282, 284, 286, 287, 292, 295, 314, 323, 325, 328, 329, 330, 332, 334, 348, 350, 366, 371, 372, 392, 417, 418, 420, 432, 434, 436, 441, 450, 453, 455, 459, 464, 465, 467, 474, 477, 480, 482, 484, 486, 495, 509, 537, 538, 543, 548, 553, 555, 557, 564, 568, 607, 609, 612, 625, 645, 670, 671, 677, 678, 679, 680, 682], "summary": {"covered_lines": 146, "num_statements": 151, "percent_covered": 96.6887417218543, "percent_covered_display": "96.69", "missing_lines": 5, "excluded_lines": 0}, "missing_lines": [220, 228, 236, 244, 382], "excluded_lines": [], "functions": {"classify_error": {"executed_lines": [53, 54, 57, 58, 61, 62, 65, 72, 75], "summary": {"covered_lines": 9, "num_statements": 9, "percent_covered": 100.0, "percent_covered_display": "100.00", "missing_lines": 0, "excluded_lines": 0}, "missing_lines": [], "excluded_lines": []}, "suggest_alternative_query": {"executed_lines": [92, 94, 96, 98, 101], "summary": {"covered_lines": 5, "num_statements": 5, "percent_covered": 100.0, "percent_covered_display": "100.00", "missing_lines": 0, "excluded_lines": 0}, "missing_lines": [], "excluded_lines": []}, "execute_with_timeout": {"executed_lines": [162, 164, 168, 170, 172, 173, 182, 184, 186, 187, 196], "summary": {"covered_lines": 11, "num_statements": 11, "percent_covered": 100.0, "percent_covered_display": "100.00", "missing_lines": 0, "excluded_lines": 0}, "missing_lines": [], "excluded_lines": []}, "create_user_friendly_error_message": {"executed_lines": [214, 215, 216, 217, 218, 222, 223, 224, 225, 226, 230, 231, 232, 233, 234, 239, 240, 241, 242], "summary": {"covered_lines": 19, "num_statements": 23, "percent_covered": 82.6086956521739, "percent_covered_display": "82.61", "missing_lines": 4, "excluded_lines": 0}, "missing_lines": [220, 228, 236, 244], "excluded_lines": []}, "fallback_to_basic_retrieval": {"executed_lines": [262, 263, 269, 273, 276, 277, 280, 281, 282, 284, 286, 287, 292], "summary": {"covered_lines": 13, "num_statements": 13, "percent_covered": 100.0, "percent_covered_display": "100.00", "missing_lines": 0, "excluded_lines": 0}, "missing_lines": [], "excluded_lines": []}, "format_fallback_response": {"executed_lines": [314, 323, 325, 328, 329, 330, 332, 334, 348, 350, 366, 371, 372], "summary": {"covered_lines": 13, "num_statements": 14, "percent_covered": 92.85714285714286, "percent_covered_display": "92.86", "missing_lines": 1, "excluded_lines": 0}, "missing_lines": [382], "excluded_lines": []}, "handle_workflow_failure": {"executed_lines": [417, 418, 420, 432, 434, 436, 441, 450, 453, 455, 459, 464, 465, 467, 474, 477, 480, 482, 484, 486, 495], "summary": {"covered_lines": 21, "num_statements": 21, "percent_covered": 100.0, "percent_covered_display": "100.00", "missing_lines": 0, "excluded_lines": 0}, "missing_lines": [], "excluded_lines": []}, "execute_workflow_with_timeout": {"executed_lines": [537, 538, 543, 548, 553, 555, 557, 564], "summary": {"covered_lines": 8, "num_statements": 8, "percent_covered": 100.0, "percent_covered_display": "100.00", "missing_lines": 0, "excluded_lines": 0}, "missing_lines": [], "excluded_lines": []}, "log_workflow_metrics": {"executed_lines": [607, 609, 612, 625], "summary": {"covered_lines": 4, "num_statements": 4, "percent_covered": 100.0, "percent_covered_display": "100.00", "missing_lines": 0, "excluded_lines": 0}, "missing_lines": [], "excluded_lines": []}, "calculate_tier_rates": {"executed_lines": [670, 671, 677, 678, 679, 680, 682], "summary": {"covered_lines": 7, "num_statements": 7, "percent_covered": 100.0, "percent_covered_display": "100.00", "missing_lines": 0, "excluded_lines": 0}, "missing_lines": [], "excluded_lines": []}, "": {"executed_lines": [1, 16, 17, 18, 20, 22, 23, 25, 29, 30, 32, 33, 34, 35, 38, 78, 104, 105, 107, 108, 109, 112, 113, 118, 119, 120, 121, 124, 127, 130, 133, 136, 139, 199, 247, 295, 392, 509, 568, 645], "summary": {"covered_lines": 36, "num_statements": 36, "percent_covered": 100.0, "percent_covered_display": "100.00", "missing_lines": 0, "excluded_lines": 0}, "missing_lines": [], "excluded_lines": []}}, "classes": {"ErrorType": {"executed_lines": [], "summary": {"covered_lines": 0, "num_statements": 0, "percent_covered": 100.0, "percent_covered_display": "100.00", "missing_lines": 0, "excluded_lines": 0}, "missing_lines": [], "excluded_lines": []}, "FallbackTier": {"executed_lines": [], "summary": {"covered_lines": 0, "num_statements": 0, "percent_covered": 100.0, "percent_covered_display": "100.00", "missing_lines": 0, "excluded_lines": 0}, "missing_lines": [], "excluded_lines": []}, "FallbackResponse": {"executed_lines": [], "summary": {"covered_lines": 0, "num_statements": 0, "percent_covered": 100.0, "percent_covered_display": "100.00", "missing_lines": 0, "excluded_lines": 0}, "missing_lines": [], "excluded_lines": []}, "": {"executed_lines": [1, 16, 17, 18, 20, 22, 23, 25, 29, 30, 32, 33, 34, 35, 38, 53, 54, 57, 58, 61, 62, 65, 72, 75, 78, 92, 94, 96, 98, 101, 104, 105, 107, 108, 109, 112, 113, 118, 119, 120, 121, 124, 127, 130, 133, 136, 139, 162, 164, 168, 170, 172, 173, 182, 184, 186, 187, 196, 199, 214, 215, 216, 217, 218, 222, 223, 224, 225, 226, 230, 231, 232, 233, 234, 239, 240, 241, 242, 247, 262, 263, 269, 273, 276, 277, 280, 281, 282, 284, 286, 287, 292, 295, 314, 323, 325, 328, 329, 330, 332, 334, 348, 350, 366, 371, 372, 392, 417, 418, 420, 432, 434, 436, 441, 450, 453, 455, 459, 464, 465, 467, 474, 477, 480, 482, 484, 486, 495, 509, 537, 538, 543, 548, 553, 555, 557, 564, 568, 607, 609, 612, 625, 645, 670, 671, 677, 678, 679, 680, 682], "summary": {"covered_lines": 146, "num_statements": 151, "percent_covered": 96.6887417218543, "percent_covered_display": "96.69", "missing_lines": 5, "excluded_lines": 0}, "missing_lines": [220, 228, 236, 244, 382], "excluded_lines": []}}}, "raglite/agentic/orchestrator.py": {"executed_lines": [1, 9, 10, 11, 13, 14, 15, 17, 20, 23, 24, 32, 34, 35, 36, 39, 40, 44, 45, 48, 50, 54, 56, 66, 72, 74, 76, 77, 88, 90, 92, 93, 104, 106, 108, 109, 120, 131, 153, 215, 237, 238, 246, 247, 248, 249, 250, 252, 253, 255, 265, 270, 280, 281, 289, 293, 294, 302, 304, 314, 316, 322, 334, 335, 382, 385, 386, 388, 393, 395, 396, 398, 399, 403, 404, 406, 407, 411, 412, 414, 415, 419, 428, 429, 430, 434, 436, 455, 457, 458, 460, 462, 473, 474, 486, 488, 489, 490, 491, 494, 501, 503, 513, 521, 523, 524, 525, 536, 545, 546, 547, 548, 559, 568, 592, 594, 596, 598, 607, 608, 609, 611, 613, 619, 641, 650, 656, 659, 660, 661, 662, 663, 665, 670, 671, 673, 674, 684], "summary": {"covered_lines": 134, "num_statements": 174, "percent_covered": 77.01149425287356, "percent_covered_display": "77.01", "missing_lines": 40, "excluded_lines": 2}, "missing_lines": [47, 82, 83, 98, 99, 114, 115, 129, 140, 141, 142, 143, 148, 178, 179, 181, 182, 184, 186, 187, 191, 198, 203, 205, 206, 213, 400, 401, 408, 409, 416, 417, 475, 476, 477, 621, 622, 627, 628, 638], "excluded_lines": [17, 18], "functions": {"StrandsOrchestrator.__init__": {"executed_lines": [34, 35, 36, 39, 40, 44, 45, 48, 50, 54, 56], "summary": {"covered_lines": 11, "num_statements": 12, "percent_covered": 91.66666666666667, "percent_covered_display": "91.67", "missing_lines": 1, "excluded_lines": 0}, "missing_lines": [47], "excluded_lines": []}, "StrandsOrchestrator._load_default_tools": {"executed_lines": [72, 74, 76, 77, 88, 90, 92, 93, 104, 106, 108, 109], "summary": {"covered_lines": 12, "num_statements": 18, "percent_covered": 66.66666666666667, "percent_covered_display": "66.67", "missing_lines": 6, "excluded_lines": 0}, "missing_lines": [82, 83, 98, 99, 114, 115], "excluded_lines": []}, "StrandsOrchestrator.get_available_tools": {"executed_lines": [], "summary": {"covered_lines": 0, "num_statements": 1, "percent_covered": 0.0, "percent_covered_display": "0.00", "missing_lines": 1, "excluded_lines": 0}, "missing_lines": [129], "excluded_lines": []}, "StrandsOrchestrator.register_tools": {"executed_lines": [], "summary": {"covered_lines": 0, "num_statements": 5, "percent_covered": 0.0, "percent_covered_display": "0.00", "missing_lines": 5, "excluded_lines": 0}, "missing_lines": [140, 141, 142, 143, 148], "excluded_lines": []}, "StrandsOrchestrator.create_agent": {"executed_lines": [], "summary": {"covered_lines": 0, "num_statements": 13, "percent_covered": 0.0, "percent_covered_display": "0.00", "missing_lines": 13, "excluded_lines": 0}, "missing_lines": [178, 179, 181, 182, 184, 186, 187, 191, 198, 203, 205, 206, 213], "excluded_lines": []}, "StrandsOrchestrator.execute_workflow": {"executed_lines": [237, 238, 246, 247, 248, 249, 250, 252, 253, 255, 265, 270, 280, 281, 289, 293, 294, 302, 304, 314], "summary": {"covered_lines": 20, "num_statements": 20, "percent_covered": 100.0, "percent_covered_display": "100.00", "missing_lines": 0, "excluded_lines": 0}, "missing_lines": [], "excluded_lines": []}, "StrandsOrchestrator.get_configuration": {"executed_lines": [322], "summary": {"covered_lines": 1, "num_statements": 1, "percent_covered": 100.0, "percent_covered_display": "100.00", "missing_lines": 0, "excluded_lines": 0}, "missing_lines": [], "excluded_lines": []}, "WorkflowExecutor.__init__": {"executed_lines": [385, 386, 388], "summary": {"covered_lines": 3, "num_statements": 3, "percent_covered": 100.0, "percent_covered_display": "100.00", "missing_lines": 0, "excluded_lines": 0}, "missing_lines": [], "excluded_lines": []}, "WorkflowExecutor._load_agents": {"executed_lines": [395, 396, 398, 399, 403, 404, 406, 407, 411, 412, 414, 415], "summary": {"covered_lines": 12, "num_statements": 18, "percent_covered": 66.66666666666667, "percent_covered_display": "66.67", "missing_lines": 6, "excluded_lines": 0}, "missing_lines": [400, 401, 408, 409, 416, 417], "excluded_lines": []}, "WorkflowExecutor._route_task_to_agent": {"executed_lines": [428, 429, 430, 434], "summary": {"covered_lines": 4, "num_statements": 4, "percent_covered": 100.0, "percent_covered_display": "100.00", "missing_lines": 0, "excluded_lines": 0}, "missing_lines": [], "excluded_lines": []}, "WorkflowExecutor._execute_task": {"executed_lines": [455, 457, 458, 460, 462, 473, 474, 486, 488, 489, 490, 491, 494, 501, 503, 513, 521, 523, 524, 525, 536, 545, 546, 547, 548, 559], "summary": {"covered_lines": 26, "num_statements": 29, "percent_covered": 89.65517241379311, "percent_covered_display": "89.66", "missing_lines": 3, "excluded_lines": 0}, "missing_lines": [475, 476, 477], "excluded_lines": []}, "WorkflowExecutor.execute_workflow": {"executed_lines": [592, 594, 596, 598, 607, 608, 609, 611, 613, 619, 641, 650, 656, 659, 660, 661, 662, 663, 665, 670, 671, 673, 674, 684], "summary": {"covered_lines": 24, "num_statements": 29, "percent_covered": 82.75862068965517, "percent_covered_display": "82.76", "missing_lines": 5, "excluded_lines": 0}, "missing_lines": [621, 622, 627, 628, 638], "excluded_lines": []}, "": {"executed_lines": [1, 9, 10, 11, 13, 14, 15, 17, 20, 23, 24, 32, 66, 120, 131, 153, 215, 316, 334, 335, 382, 393, 419, 436, 568], "summary": {"covered_lines": 21, "num_statements": 21, "percent_covered": 100.0, "percent_covered_display": "100.00", "missing_lines": 0, "excluded_lines": 2}, "missing_lines": [], "excluded_lines": [17, 18]}}, "classes": {"StrandsOrchestrator": {"executed_lines": [34, 35, 36, 39, 40, 44, 45, 48, 50, 54, 56, 72, 74, 76, 77, 88, 90, 92, 93, 104, 106, 108, 109, 237, 238, 246, 247, 248, 249, 250, 252, 253, 255, 265, 270, 280, 281, 289, 293, 294, 302, 304, 314, 322], "summary": {"covered_lines": 44, "num_statements": 70, "percent_covered": 62.857142857142854, "percent_covered_display": "62.86", "missing_lines": 26, "excluded_lines": 0}, "missing_lines": [47, 82, 83, 98, 99, 114, 115, 129, 140, 141, 142, 143, 148, 178, 179, 181, 182, 184, 186, 187, 191, 198, 203, 205, 206, 213], "excluded_lines": []}, "WorkflowExecutor": {"executed_lines": [385, 386, 388, 395, 396, 398, 399, 403, 404, 406, 407, 411, 412, 414, 415, 428, 429, 430, 434, 455, 457, 458, 460, 462, 473, 474, 486, 488, 489, 490, 491, 494, 501, 503, 513, 521, 523, 524, 525, 536, 545, 546, 547, 548, 559, 592, 594, 596, 598, 607, 608, 609, 611, 613, 619, 641, 650, 656, 659, 660, 661, 662, 663, 665, 670, 671, 673, 674, 684], "summary": {"covered_lines": 69, "num_statements": 83, "percent_covered": 83.13253012048193, "percent_covered_display": "83.13", "missing_lines": 14, "excluded_lines": 0}, "missing_lines": [400, 401, 408, 409, 416, 417, 475, 476, 477, 621, 622, 627, 628, 638], "excluded_lines": []}, "": {"executed_lines": [1, 9, 10, 11, 13, 14, 15, 17, 20, 23, 24, 32, 66, 120, 131, 153, 215, 316, 334, 335, 382, 393, 419, 436, 568], "summary": {"covered_lines": 21, "num_statements": 21, "percent_covered": 100.0, "percent_covered_display": "100.00", "missing_lines": 0, "excluded_lines": 2}, "missing_lines": [], "excluded_lines": [17, 18]}}}, "raglite/agentic/planner.py": {"executed_lines": [1, 7, 8, 9, 10, 12, 14, 17, 18, 20, 21, 24, 25, 27, 28, 29, 30, 33, 36, 37, 39, 40, 41, 42, 47, 48, 50, 51, 52, 53, 54, 55, 58, 81, 172, 175, 176, 180, 181, 187, 188, 192, 195, 205, 206, 209, 210, 212, 214, 215, 216, 217, 219, 220, 222, 223, 224, 226, 227, 230, 231, 232, 233, 235, 238, 266, 269, 270, 278, 284, 285, 288, 289, 293, 294, 297, 298, 301, 312, 323, 334, 335, 345, 355, 366, 369, 372, 382, 383, 391, 392, 394, 395, 398, 409, 419, 420, 431, 432, 435, 436, 437, 438, 441, 442, 453, 454, 465, 466, 477, 480, 490, 491, 499, 501, 504, 514, 520, 531, 536], "summary": {"covered_lines": 115, "num_statements": 122, "percent_covered": 94.26229508196721, "percent_covered_display": "94.26", "missing_lines": 7, "excluded_lines": 0}, "missing_lines": [182, 183, 189, 190, 515, 516, 517], "excluded_lines": [], "functions": {"classify_query_complexity": {"executed_lines": [81, 172, 175, 176, 180, 181, 187, 188, 192], "summary": {"covered_lines": 9, "num_statements": 13, "percent_covered": 69.23076923076923, "percent_covered_display": "69.23", "missing_lines": 4, "excluded_lines": 0}, "missing_lines": [182, 183, 189, 190], "excluded_lines": []}, "_has_circular_dependencies": {"executed_lines": [205, 206, 209, 210, 212, 230, 231, 232, 233, 235], "summary": {"covered_lines": 10, "num_statements": 10, "percent_covered": 100.0, "percent_covered_display": "100.00", "missing_lines": 0, "excluded_lines": 0}, "missing_lines": [], "excluded_lines": []}, "_has_circular_dependencies.has_cycle": {"executed_lines": [214, 215, 216, 217, 219, 220, 222, 223, 224, 226, 227], "summary": {"covered_lines": 11, "num_statements": 11, "percent_covered": 100.0, "percent_covered_display": "100.00", "missing_lines": 0, "excluded_lines": 0}, "missing_lines": [], "excluded_lines": []}, "decompose_query": {"executed_lines": [266, 269, 270, 278, 284, 285, 288, 289, 293, 294, 297, 298, 301, 312, 323, 334, 335, 345, 355, 366, 369, 372, 382, 383, 391, 392, 394, 395, 398, 409, 419, 420, 431, 432, 435, 436, 437, 438, 441, 442, 453, 454, 465, 466, 477, 480, 490, 491, 499, 501, 504, 514, 520, 531, 536], "summary": {"covered_lines": 55, "num_statements": 58, "percent_covered": 94.82758620689656, "percent_covered_display": "94.83", "missing_lines": 3, "excluded_lines": 0}, "missing_lines": [515, 516, 517], "excluded_lines": []}, "": {"executed_lines": [1, 7, 8, 9, 10, 12, 14, 17, 18, 20, 21, 24, 25, 27, 28, 29, 30, 33, 36, 37, 39, 40, 41, 42, 47, 48, 50, 51, 52, 53, 54, 55, 58, 195, 238], "summary": {"covered_lines": 30, "num_statements": 30, "percent_covered": 100.0, "percent_covered_display": "100.00", "missing_lines": 0, "excluded_lines": 0}, "missing_lines": [], "excluded_lines": []}}, "classes": {"QueryComplexity": {"executed_lines": [], "summary": {"covered_lines": 0, "num_statements": 0, "percent_covered": 100.0, "percent_covered_display": "100.00", "missing_lines": 0, "excluded_lines": 0}, "missing_lines": [], "excluded_lines": []}, "AgentTask": {"executed_lines": [], "summary": {"covered_lines": 0, "num_statements": 0, "percent_covered": 100.0, "percent_covered_display": "100.00", "missing_lines": 0, "excluded_lines": 0}, "missing_lines": [], "excluded_lines": []}, "WorkflowPlan": {"executed_lines": [], "summary": {"covered_lines": 0, "num_statements": 0, "percent_covered": 100.0, "percent_covered_display": "100.00", "missing_lines": 0, "excluded_lines": 0}, "missing_lines": [], "excluded_lines": []}, "AgentResult": {"executed_lines": [], "summary": {"covered_lines": 0, "num_statements": 0, "percent_covered": 100.0, "percent_covered_display": "100.00", "missing_lines": 0, "excluded_lines": 0}, "missing_lines": [], "excluded_lines": []}, "": {"executed_lines": [1, 7, 8, 9, 10, 12, 14, 17, 18, 20, 21, 24, 25, 27, 28, 29, 30, 33, 36, 37, 39, 40, 41, 42, 47, 48, 50, 51, 52, 53, 54, 55, 58, 81, 172, 175, 176, 180, 181, 187, 188, 192, 195, 205, 206, 209, 210, 212, 214, 215, 216, 217, 219, 220, 222, 223, 224, 226, 227, 230, 231, 232, 233, 235, 238, 266, 269, 270, 278, 284, 285, 288, 289, 293, 294, 297, 298, 301, 312, 323, 334, 335, 345, 355, 366, 369, 372, 382, 383, 391, 392, 394, 395, 398, 409, 419, 420, 431, 432, 435, 436, 437, 438, 441, 442, 453, 454, 465, 466, 477, 480, 490, 491, 499, 501, 504, 514, 520, 531, 536], "summary": {"covered_lines": 115, "num_statements": 122, "percent_covered": 94.26229508196721, "percent_covered_display": "94.26", "missing_lines": 7, "excluded_lines": 0}, "missing_lines": [182, 183, 189, 190, 515, 516, 517], "excluded_lines": []}}}, "raglite/agentic/state.py": {"executed_lines": [1, 7, 9, 12, 13, 15, 16, 17, 18, 19, 20, 23, 24, 30, 31, 32, 33, 34, 37, 38, 44, 45, 46, 47, 50, 51, 53, 54, 55, 56, 59, 60, 70, 73, 74, 77, 80, 83, 85, 87, 94, 96, 107, 108, 109, 110, 111, 113, 114, 115, 117], "summary": {"covered_lines": 45, "num_statements": 45, "percent_covered": 100.0, "percent_covered_display": "100.00", "missing_lines": 0, "excluded_lines": 0}, "missing_lines": [], "excluded_lines": [], "functions": {"AgentState.add_metadata": {"executed_lines": [94], "summary": {"covered_lines": 1, "num_statements": 1, "percent_covered": 100.0, "percent_covered_display": "100.00", "missing_lines": 0, "excluded_lines": 0}, "missing_lines": [], "excluded_lines": []}, "AgentState.validate_required_fields": {"executed_lines": [107, 108, 109, 110, 111, 113, 114, 115, 117], "summary": {"covered_lines": 9, "num_statements": 9, "percent_covered": 100.0, "percent_covered_display": "100.00", "missing_lines": 0, "excluded_lines": 0}, "missing_lines": [], "excluded_lines": []}, "": {"executed_lines": [1, 7, 9, 12, 13, 15, 16, 17, 18, 19, 20, 23, 24, 30, 31, 32, 33, 34, 37, 38, 44, 45, 46, 47, 50, 51, 53, 54, 55, 56, 59, 60, 70, 73, 74, 77, 80, 83, 85, 87, 96], "summary": {"covered_lines": 35, "num_statements": 35, "percent_covered": 100.0, "percent_covered_display": "100.00", "missing_lines": 0, "excluded_lines": 0}, "missing_lines": [], "excluded_lines": []}}, "classes": {"DocumentChunk": {"executed_lines": [], "summary": {"covered_lines": 0, "num_statements": 0, "percent_covered": 100.0, "percent_covered_display": "100.00", "missing_lines": 0, "excluded_lines": 0}, "missing_lines": [], "excluded_lines": []}, "AnalysisResult": {"executed_lines": [], "summary": {"covered_lines": 0, "num_statements": 0, "percent_covered": 100.0, "percent_covered_display": "100.00", "missing_lines": 0, "excluded_lines": 0}, "missing_lines": [], "excluded_lines": []}, "SynthesisResult": {"executed_lines": [], "summary": {"covered_lines": 0, "num_statements": 0, "percent_covered": 100.0, "percent_covered_display": "100.00", "missing_lines": 0, "excluded_lines": 0}, "missing_lines": [], "excluded_lines": []}, "AnalysisOutput": {"executed_lines": [], "summary": {"covered_lines": 0, "num_statements": 0, "percent_covered": 100.0, "percent_covered_display": "100.00", "missing_lines": 0, "excluded_lines": 0}, "missing_lines": [], "excluded_lines": []}, "AgentState": {"executed_lines": [94, 107, 108, 109, 110, 111, 113, 114, 115, 117], "summary": {"covered_lines": 10, "num_statements": 10, "percent_covered": 100.0, "percent_covered_display": "100.00", "missing_lines": 0, "excluded_lines": 0}, "missing_lines": [], "excluded_lines": []}, "": {"executed_lines": [1, 7, 9, 12, 13, 15, 16, 17, 18, 19, 20, 23, 24, 30, 31, 32, 33, 34, 37, 38, 44, 45, 46, 47, 50, 51, 53, 54, 55, 56, 59, 60, 70, 73, 74, 77, 80, 83, 85, 87, 96], "summary": {"covered_lines": 35, "num_statements": 35, "percent_covered": 100.0, "percent_covered_display": "100.00", "missing_lines": 0, "excluded_lines": 0}, "missing_lines": [], "excluded_lines": []}}}, "raglite/ingestion/adaptive_table/classification.py": {"executed_lines": [1, 12, 14, 15, 16, 17, 18, 20, 23, 24, 26, 27, 28, 29, 32, 33, 36, 39, 42, 43, 44, 47, 50, 53, 65, 68, 71, 107, 128, 175, 176, 177, 180, 181, 182, 183, 184, 185, 187, 190, 212, 213, 216, 217, 218, 219, 220, 221, 224, 225, 226, 227, 228, 229, 230, 233, 234, 235, 236, 239, 241, 248, 249, 250, 251, 253, 256, 260, 261, 268, 274, 277, 279, 280, 281, 282, 283, 286, 287, 288, 291, 296, 303, 304, 313, 319, 321, 322, 323, 325, 327, 336, 339, 340, 341, 345, 352, 363, 374, 385, 392, 395, 407, 408, 409, 410, 411, 413, 414, 415, 416, 417, 420, 421, 423, 424, 425, 426, 428, 429, 430, 431, 434, 435, 443, 445, 446, 447, 449, 451, 453, 454, 455, 457, 458, 461, 470, 474, 484, 485, 486, 487, 489, 490, 493, 515, 519, 532, 533, 534, 535, 537, 538, 541, 542, 545, 546, 548, 551, 552, 554, 555, 557, 559, 572, 599, 664, 689, 692, 693, 695, 696, 728, 733, 740, 741, 742, 745, 750, 751, 752, 755, 757, 758, 760, 767, 768, 771, 778], "summary": {"covered_lines": 186, "num_statements": 204, "percent_covered": 91.17647058823529, "percent_covered_display": "91.18", "missing_lines": 18, "excluded_lines": 0}, "missing_lines": [66, 353, 360, 364, 371, 375, 382, 444, 448, 450, 471, 520, 539, 549, 746, 747, 762, 763], "excluded_lines": [], "functions": {"classify_header": {"executed_lines": [65, 68, 71, 107, 128, 175, 176, 177, 180, 181, 182, 183, 184, 185, 187], "summary": {"covered_lines": 15, "num_statements": 16, "percent_covered": 93.75, "percent_covered_display": "93.75", "missing_lines": 1, "excluded_lines": 0}, "missing_lines": [66], "excluded_lines": []}, "detect_table_layout": {"executed_lines": [212, 213, 216, 217, 218, 219, 220, 221, 224, 225, 226, 227, 228, 229, 230, 233, 234, 235, 236, 239, 241, 248, 249, 250, 251, 253, 256, 260, 261, 268, 274, 277, 279, 280, 281, 282, 283, 286, 287, 288, 291, 296, 303, 304, 313, 319, 321, 322, 323, 325, 327, 336, 339, 340, 341, 345, 352, 363, 374, 385, 392], "summary": {"covered_lines": 61, "num_statements": 67, "percent_covered": 91.04477611940298, "percent_covered_display": "91.04", "missing_lines": 6, "excluded_lines": 0}, "missing_lines": [353, 360, 364, 371, 375, 382], "excluded_lines": []}, "_detect_orientation": {"executed_lines": [407, 408, 409, 410, 411, 413, 414, 415, 416, 417, 420, 421, 423, 424, 425, 426, 428, 429, 430, 431, 434, 435, 443, 445, 446, 447, 449, 451, 453, 454, 455, 457, 458], "summary": {"covered_lines": 33, "num_statements": 36, "percent_covered": 91.66666666666667, "percent_covered_display": "91.67", "missing_lines": 3, "excluded_lines": 0}, "missing_lines": [444, 448, 450], "excluded_lines": []}, "_is_numeric_value": {"executed_lines": [470, 474, 484, 485, 486, 487, 489, 490], "summary": {"covered_lines": 8, "num_statements": 9, "percent_covered": 88.88888888888889, "percent_covered_display": "88.89", "missing_lines": 1, "excluded_lines": 0}, "missing_lines": [471], "excluded_lines": []}, "_analyze_column": {"executed_lines": [515, 519, 532, 533, 534, 535, 537, 538, 541, 542, 545, 546, 548, 551, 552, 554, 555, 557, 559], "summary": {"covered_lines": 19, "num_statements": 22, "percent_covered": 86.36363636363636, "percent_covered_display": "86.36", "missing_lines": 3, "excluded_lines": 0}, "missing_lines": [520, 539, 549], "excluded_lines": []}, "_detect_table_orientation": {"executed_lines": [599, 664, 689, 692, 693, 695, 696, 728, 733, 740, 741, 742, 745, 750, 751, 752, 755, 757, 758, 760, 767, 768, 771, 778], "summary": {"covered_lines": 24, "num_statements": 28, "percent_covered": 85.71428571428571, "percent_covered_display": "85.71", "missing_lines": 4, "excluded_lines": 0}, "missing_lines": [746, 747, 762, 763], "excluded_lines": []}, "": {"executed_lines": [1, 12, 14, 15, 16, 17, 18, 20, 23, 24, 26, 27, 28, 29, 32, 33, 36, 39, 42, 43, 44, 47, 50, 53, 190, 395, 461, 493, 572], "summary": {"covered_lines": 26, "num_statements": 26, "percent_covered": 100.0, "percent_covered_display": "100.00", "missing_lines": 0, "excluded_lines": 0}, "missing_lines": [], "excluded_lines": []}}, "classes": {"HeaderType": {"executed_lines": [], "summary": {"covered_lines": 0, "num_statements": 0, "percent_covered": 100.0, "percent_covered_display": "100.00", "missing_lines": 0, "excluded_lines": 0}, "missing_lines": [], "excluded_lines": []}, "TableLayout": {"executed_lines": [], "summary": {"covered_lines": 0, "num_statements": 0, "percent_covered": 100.0, "percent_covered_display": "100.00", "missing_lines": 0, "excluded_lines": 0}, "missing_lines": [], "excluded_lines": []}, "": {"executed_lines": [1, 12, 14, 15, 16, 17, 18, 20, 23, 24, 26, 27, 28, 29, 32, 33, 36, 39, 42, 43, 44, 47, 50, 53, 65, 68, 71, 107, 128, 175, 176, 177, 180, 181, 182, 183, 184, 185, 187, 190, 212, 213, 216, 217, 218, 219, 220, 221, 224, 225, 226, 227, 228, 229, 230, 233, 234, 235, 236, 239, 241, 248, 249, 250, 251, 253, 256, 260, 261, 268, 274, 277, 279, 280, 281, 282, 283, 286, 287, 288, 291, 296, 303, 304, 313, 319, 321, 322, 323, 325, 327, 336, 339, 340, 341, 345, 352, 363, 374, 385, 392, 395, 407, 408, 409, 410, 411, 413, 414, 415, 416, 417, 420, 421, 423, 424, 425, 426, 428, 429, 430, 431, 434, 435, 443, 445, 446, 447, 449, 451, 453, 454, 455, 457, 458, 461, 470, 474, 484, 485, 486, 487, 489, 490, 493, 515, 519, 532, 533, 534, 535, 537, 538, 541, 542, 545, 546, 548, 551, 552, 554, 555, 557, 559, 572, 599, 664, 689, 692, 693, 695, 696, 728, 733, 740, 741, 742, 745, 750, 751, 752, 755, 757, 758, 760, 767, 768, 771, 778], "summary": {"covered_lines": 186, "num_statements": 204, "percent_covered": 91.17647058823529, "percent_covered_display": "91.18", "missing_lines": 18, "excluded_lines": 0}, "missing_lines": [66, 353, 360, 364, 371, 375, 382, 444, 448, 450, 471, 520, 539, 549, 746, 747, 762, 763], "excluded_lines": []}}}, "raglite/ingestion/adaptive_table/core.py": {"executed_lines": [1, 13, 15, 16, 17, 19, 23, 26, 54, 58, 59, 64, 66, 67, 68, 71, 74, 75, 86, 88, 99, 101, 112, 124, 138, 152, 154, 157, 170, 171, 172, 173, 174, 175, 176, 178, 181, 184, 219, 220, 221, 224, 225, 226, 227, 232, 244, 247, 248, 249, 250, 251, 252, 253, 255, 258, 261, 279, 280, 281, 283, 286, 287, 291, 292, 294, 295, 297, 298, 303, 326, 327, 329, 331, 332, 333, 336, 340, 343, 344, 345, 346, 347, 349, 350, 351, 352, 353, 356, 359, 360, 361, 362, 370, 371, 372, 373, 381, 382, 385, 386, 388, 389, 392, 393, 394, 395, 396, 398, 406, 408, 409, 410, 411, 412, 414, 422, 430, 432, 433, 434, 435, 436, 438, 440, 442, 443, 444, 445, 446, 447, 451, 452, 454, 455, 456, 457, 458, 459, 460, 462, 464, 466, 471, 475, 481, 483, 484, 485, 486, 487, 489, 490, 491, 492, 493, 496, 497, 500, 503, 504, 505, 507, 531, 533, 539, 541, 544, 545, 546, 548, 551, 557, 559, 562, 574, 576, 580, 583, 584, 585, 587, 588, 589, 591, 592, 595, 597, 598, 601, 604, 605, 606, 609, 610, 613, 614, 617, 618, 621, 622, 623, 625, 626, 627, 630, 631, 632, 635, 636, 637, 638, 640, 647, 649, 650, 651], "summary": {"covered_lines": 215, "num_statements": 257, "percent_covered": 83.65758754863813, "percent_covered_display": "83.66", "missing_lines": 42, "excluded_lines": 3}, "missing_lines": [113, 125, 179, 229, 256, 288, 300, 337, 363, 364, 367, 377, 378, 383, 400, 401, 402, 403, 404, 416, 417, 418, 419, 420, 424, 425, 426, 427, 428, 463, 465, 467, 468, 472, 473, 542, 558, 577, 581, 602, 611, 652], "excluded_lines": [19, 20, 21], "functions": {"extract_table_data_adaptive": {"executed_lines": [54, 58, 59, 64, 66, 67, 68, 71, 74, 75, 86, 88, 99, 101, 112, 124, 138, 152, 154], "summary": {"covered_lines": 19, "num_statements": 21, "percent_covered": 90.47619047619048, "percent_covered_display": "90.48", "missing_lines": 2, "excluded_lines": 0}, "missing_lines": [113, 125], "excluded_lines": []}, "_infer_metric_from_context": {"executed_lines": [170, 171, 172, 173, 174, 175, 176, 178, 181, 184, 219, 220, 221, 224, 225, 226, 227], "summary": {"covered_lines": 17, "num_statements": 19, "percent_covered": 89.47368421052632, "percent_covered_display": "89.47", "missing_lines": 2, "excluded_lines": 0}, "missing_lines": [179, 229], "excluded_lines": []}, "_infer_entity_from_context": {"executed_lines": [244, 247, 248, 249, 250, 251, 252, 253, 255, 258, 261, 279, 280, 281, 283, 286, 287, 291, 292, 294, 295, 297, 298], "summary": {"covered_lines": 23, "num_statements": 26, "percent_covered": 88.46153846153847, "percent_covered_display": "88.46", "missing_lines": 3, "excluded_lines": 0}, "missing_lines": [256, 288, 300], "excluded_lines": []}, "_extract_fallback": {"executed_lines": [326, 327, 329, 331, 332, 333, 336, 340, 343, 344, 345, 346, 347, 349, 350, 351, 352, 353, 356, 359, 360, 361, 362, 370, 371, 372, 373, 381, 382, 385, 386, 388, 389, 392, 393, 394, 395, 396, 398, 406, 408, 409, 410, 411, 412, 414, 422, 430, 432, 433, 434, 435, 436, 438, 440, 442, 443, 444, 445, 446, 447, 451, 452, 454, 455, 456, 457, 458, 459, 460, 462, 464, 466, 471, 475, 481, 483, 484, 485, 486, 487, 489, 490, 491, 492, 493, 496, 497, 500, 503, 504, 505, 507, 531, 533], "summary": {"covered_lines": 95, "num_statements": 123, "percent_covered": 77.23577235772358, "percent_covered_display": "77.24", "missing_lines": 28, "excluded_lines": 0}, "missing_lines": [337, 363, 364, 367, 377, 378, 383, 400, 401, 402, 403, 404, 416, 417, 418, 419, 420, 424, 425, 426, 427, 428, 463, 465, 467, 468, 472, 473], "excluded_lines": []}, "_extract_year": {"executed_lines": [541, 544, 545, 546, 548], "summary": {"covered_lines": 5, "num_statements": 6, "percent_covered": 83.33333333333333, "percent_covered_display": "83.33", "missing_lines": 1, "excluded_lines": 0}, "missing_lines": [542], "excluded_lines": []}, "_get_table_caption": {"executed_lines": [557, 559], "summary": {"covered_lines": 2, "num_statements": 3, "percent_covered": 66.66666666666667, "percent_covered_display": "66.67", "missing_lines": 1, "excluded_lines": 0}, "missing_lines": [558], "excluded_lines": []}, "_extract_page_context": {"executed_lines": [574, 576, 580, 583, 584, 585, 587, 588, 589, 591, 592, 595, 597, 598, 601, 604, 605, 606, 609, 610, 613, 614, 617, 618, 621, 622, 623, 625, 626, 627, 630, 631, 632, 635, 636, 637, 638, 640], "summary": {"covered_lines": 38, "num_statements": 42, "percent_covered": 90.47619047619048, "percent_covered_display": "90.48", "missing_lines": 4, "excluded_lines": 0}, "missing_lines": [577, 581, 602, 611], "excluded_lines": []}, "_get_table_markdown": {"executed_lines": [649, 650, 651], "summary": {"covered_lines": 3, "num_statements": 4, "percent_covered": 75.0, "percent_covered_display": "75.00", "missing_lines": 1, "excluded_lines": 0}, "missing_lines": [652], "excluded_lines": []}, "": {"executed_lines": [1, 13, 15, 16, 17, 19, 23, 26, 157, 232, 303, 539, 551, 562, 647], "summary": {"covered_lines": 13, "num_statements": 13, "percent_covered": 100.0, "percent_covered_display": "100.00", "missing_lines": 0, "excluded_lines": 3}, "missing_lines": [], "excluded_lines": [19, 20, 21]}}, "classes": {"": {"executed_lines": [1, 13, 15, 16, 17, 19, 23, 26, 54, 58, 59, 64, 66, 67, 68, 71, 74, 75, 86, 88, 99, 101, 112, 124, 138, 152, 154, 157, 170, 171, 172, 173, 174, 175, 176, 178, 181, 184, 219, 220, 221, 224, 225, 226, 227, 232, 244, 247, 248, 249, 250, 251, 252, 253, 255, 258, 261, 279, 280, 281, 283, 286, 287, 291, 292, 294, 295, 297, 298, 303, 326, 327, 329, 331, 332, 333, 336, 340, 343, 344, 345, 346, 347, 349, 350, 351, 352, 353, 356, 359, 360, 361, 362, 370, 371, 372, 373, 381, 382, 385, 386, 388, 389, 392, 393, 394, 395, 396, 398, 406, 408, 409, 410, 411, 412, 414, 422, 430, 432, 433, 434, 435, 436, 438, 440, 442, 443, 444, 445, 446, 447, 451, 452, 454, 455, 456, 457, 458, 459, 460, 462, 464, 466, 471, 475, 481, 483, 484, 485, 486, 487, 489, 490, 491, 492, 493, 496, 497, 500, 503, 504, 505, 507, 531, 533, 539, 541, 544, 545, 546, 548, 551, 557, 559, 562, 574, 576, 580, 583, 584, 585, 587, 588, 589, 591, 592, 595, 597, 598, 601, 604, 605, 606, 609, 610, 613, 614, 617, 618, 621, 622, 623, 625, 626, 627, 630, 631, 632, 635, 636, 637, 638, 640, 647, 649, 650, 651], "summary": {"covered_lines": 215, "num_statements": 257, "percent_covered": 83.65758754863813, "percent_covered_display": "83.66", "missing_lines": 42, "excluded_lines": 3}, "missing_lines": [113, 125, 179, 229, 256, 288, 300, 337, 363, 364, 367, 377, 378, 383, 400, 401, 402, 403, 404, 416, 417, 418, 419, 420, 424, 425, 426, 427, 428, 463, 465, 467, 468, 472, 473, 542, 558, 577, 581, 602, 611, 652], "excluded_lines": [19, 20, 21]}}}, "raglite/ingestion/adaptive_table/multi_header.py": {"executed_lines": [1, 12, 14, 16, 21, 55, 60, 62, 64, 65, 66, 69, 70, 71, 72, 73, 74, 76, 78, 81, 82, 85, 86, 87, 88, 89, 90, 91, 94, 95, 96, 97, 98, 99, 102, 103, 104, 105, 108, 109, 112, 113, 115, 116, 117, 118, 121, 123, 125, 141, 143], "summary": {"covered_lines": 49, "num_statements": 51, "percent_covered": 96.07843137254902, "percent_covered_display": "96.08", "missing_lines": 2, "excluded_lines": 3}, "missing_lines": [79, 110], "excluded_lines": [16, 17, 18], "functions": {"_extract_multi_header_metric_entity": {"executed_lines": [55, 60, 62, 64, 65, 66, 69, 70, 71, 72, 73, 74, 76, 78, 81, 82, 85, 86, 87, 88, 89, 90, 91, 94, 95, 96, 97, 98, 99, 102, 103, 104, 105, 108, 109, 112, 113, 115, 116, 117, 118, 121, 123, 125, 141, 143], "summary": {"covered_lines": 46, "num_statements": 48, "percent_covered": 95.83333333333333, "percent_covered_display": "95.83", "missing_lines": 2, "excluded_lines": 0}, "missing_lines": [79, 110], "excluded_lines": []}, "": {"executed_lines": [1, 12, 14, 16, 21], "summary": {"covered_lines": 3, "num_statements": 3, "percent_covered": 100.0, "percent_covered_display": "100.00", "missing_lines": 0, "excluded_lines": 3}, "missing_lines": [], "excluded_lines": [16, 17, 18]}}, "classes": {"": {"executed_lines": [1, 12, 14, 16, 21, 55, 60, 62, 64, 65, 66, 69, 70, 71, 72, 73, 74, 76, 78, 81, 82, 85, 86, 87, 88, 89, 90, 91, 94, 95, 96, 97, 98, 99, 102, 103, 104, 105, 108, 109, 112, 113, 115, 116, 117, 118, 121, 123, 125, 141, 143], "summary": {"covered_lines": 49, "num_statements": 51, "percent_covered": 96.07843137254902, "percent_covered_display": "96.08", "missing_lines": 2, "excluded_lines": 3}, "missing_lines": [79, 110], "excluded_lines": [16, 17, 18]}}}, "raglite/ingestion/adaptive_table/standard_layouts.py": {"executed_lines": [1, 12, 14, 15, 17, 21, 24, 100, 188, 227, 228, 229, 236, 238, 239, 242, 249, 250, 251, 252, 253, 254, 256, 259, 261, 263, 265, 266, 269, 270, 271, 272, 273, 274, 275, 278, 279, 280, 281, 282, 285, 338, 340, 341, 342, 343, 346, 347, 348, 350, 351, 352, 358, 407, 412, 413, 415, 418, 424, 428, 440, 442, 443, 444, 445, 446, 449, 455, 477, 480, 482, 494, 499, 505, 509, 510, 511, 512, 513, 514, 516, 523, 525, 526, 527, 529, 530, 533, 534, 535, 538, 545, 547, 549, 550, 555, 557, 559, 562, 565, 567, 590, 592], "summary": {"covered_lines": 101, "num_statements": 187, "percent_covered": 54.01069518716577, "percent_covered_display": "54.01", "missing_lines": 86, "excluded_lines": 3}, "missing_lines": [43, 44, 46, 48, 49, 50, 53, 54, 55, 56, 59, 60, 61, 62, 65, 66, 67, 69, 70, 72, 73, 74, 76, 77, 79, 95, 97, 119, 120, 122, 124, 125, 126, 129, 130, 131, 132, 135, 136, 137, 138, 141, 142, 143, 144, 146, 148, 152, 155, 156, 157, 159, 160, 162, 163, 165, 167, 183, 185, 286, 288, 302, 305, 306, 307, 310, 311, 312, 313, 317, 323, 325, 327, 328, 329, 330, 331, 332, 333, 334, 336, 458, 460, 471, 552, 554], "excluded_lines": [17, 18, 19], "functions": {"_extract_temporal_cols_metric_rows": {"executed_lines": [], "summary": {"covered_lines": 0, "num_statements": 27, "percent_covered": 0.0, "percent_covered_display": "0.00", "missing_lines": 27, "excluded_lines": 0}, "missing_lines": [43, 44, 46, 48, 49, 50, 53, 54, 55, 56, 59, 60, 61, 62, 65, 66, 67, 69, 70, 72, 73, 74, 76, 77, 79, 95, 97], "excluded_lines": []}, "_extract_entity_cols_metric_rows": {"executed_lines": [], "summary": {"covered_lines": 0, "num_statements": 32, "percent_covered": 0.0, "percent_covered_display": "0.00", "missing_lines": 32, "excluded_lines": 0}, "missing_lines": [119, 120, 122, 124, 125, 126, 129, 130, 131, 132, 135, 136, 137, 138, 141, 142, 143, 144, 146, 148, 152, 155, 156, 157, 159, 160, 162, 163, 165, 167, 183, 185], "excluded_lines": []}, "_extract_transposed_entity_cols_metric_row_labels": {"executed_lines": [227, 228, 229, 236, 238, 239, 242, 249, 250, 251, 252, 253, 254, 256, 259, 261, 263, 265, 266, 269, 270, 271, 272, 273, 274, 275, 278, 279, 280, 281, 282, 285, 338, 340, 341, 342, 343, 346, 347, 348, 350, 351, 352, 358, 407, 412, 413, 415, 418, 424, 428, 440, 442, 443, 444, 445, 446, 449, 455, 477, 480, 482, 494, 499, 505, 509, 510, 511, 512, 513, 514, 516, 523, 525, 526, 527, 529, 530, 533, 534, 535, 538, 545, 547, 549, 550, 555, 557, 559, 562, 565, 567, 590, 592], "summary": {"covered_lines": 94, "num_statements": 121, "percent_covered": 77.68595041322314, "percent_covered_display": "77.69", "missing_lines": 27, "excluded_lines": 0}, "missing_lines": [286, 288, 302, 305, 306, 307, 310, 311, 312, 313, 317, 323, 325, 327, 328, 329, 330, 331, 332, 333, 334, 336, 458, 460, 471, 552, 554], "excluded_lines": []}, "": {"executed_lines": [1, 12, 14, 15, 17, 21, 24, 100, 188], "summary": {"covered_lines": 7, "num_statements": 7, "percent_covered": 100.0, "percent_covered_display": "100.00", "missing_lines": 0, "excluded_lines": 3}, "missing_lines": [], "excluded_lines": [17, 18, 19]}}, "classes": {"": {"executed_lines": [1, 12, 14, 15, 17, 21, 24, 100, 188, 227, 228, 229, 236, 238, 239, 242, 249, 250, 251, 252, 253, 254, 256, 259, 261, 263, 265, 266, 269, 270, 271, 272, 273, 274, 275, 278, 279, 280, 281, 282, 285, 338, 340, 341, 342, 343, 346, 347, 348, 350, 351, 352, 358, 407, 412, 413, 415, 418, 424, 428, 440, 442, 443, 444, 445, 446, 449, 455, 477, 480, 482, 494, 499, 505, 509, 510, 511, 512, 513, 514, 516, 523, 525, 526, 527, 529, 530, 533, 534, 535, 538, 545, 547, 549, 550, 555, 557, 559, 562, 565, 567, 590, 592], "summary": {"covered_lines": 101, "num_statements": 187, "percent_covered": 54.01069518716577, "percent_covered_display": "54.01", "missing_lines": 86, "excluded_lines": 3}, "missing_lines": [43, 44, 46, 48, 49, 50, 53, 54, 55, 56, 59, 60, 61, 62, 65, 66, 67, 69, 70, 72, 73, 74, 76, 77, 79, 95, 97, 119, 120, 122, 124, 125, 126, 129, 130, 131, 132, 135, 136, 137, 138, 141, 142, 143, 144, 146, 148, 152, 155, 156, 157, 159, 160, 162, 163, 165, 167, 183, 185, 286, 288, 302, 305, 306, 307, 310, 311, 312, 313, 317, 323, 325, 327, 328, 329, 330, 331, 332, 333, 334, 336, 458, 460, 471, 552, 554], "excluded_lines": [17, 18, 19]}}}, "raglite/ingestion/adaptive_table/unit_inference.py": {"executed_lines": [1, 13, 15, 16, 17, 18, 19, 21, 25, 29, 32, 61, 64, 65, 67, 71, 78, 79, 90, 91, 92, 94, 97, 99, 100, 101, 104, 105, 120, 121, 122, 123, 126, 127, 128, 129, 131, 139, 142, 230, 261, 265, 267, 272, 276, 278, 280, 284, 290, 291, 294, 296, 302, 329, 335, 337, 342, 345, 347, 350, 353, 354, 355, 356, 358, 359, 360, 364, 367, 514, 667, 695, 698, 699, 700, 701, 702, 703, 705, 706, 708, 711, 712, 713, 714, 715, 716, 717, 718, 720, 722, 744, 751, 752, 753, 754, 761, 766, 774, 775, 780, 782, 783, 790, 793, 794, 809, 814, 817, 818, 819, 822, 919, 960, 962, 965, 970, 971, 972, 973, 976, 979, 981, 984, 987, 988, 991, 993, 995, 996, 998, 1000, 1001, 1004, 1005, 1012, 1015, 1017, 1018, 1019, 1020, 1021, 1023, 1028, 1034, 1037, 1038, 1039, 1042, 1045, 1046, 1050, 1052, 1062, 1063, 1064, 1077], "summary": {"covered_lines": 155, "num_statements": 337, "percent_covered": 45.99406528189911, "percent_covered_display": "45.99", "missing_lines": 182, "excluded_lines": 3}, "missing_lines": [68, 106, 108, 109, 110, 164, 167, 168, 169, 170, 173, 174, 175, 176, 177, 178, 184, 185, 186, 190, 191, 194, 201, 202, 213, 214, 215, 217, 221, 222, 227, 262, 269, 298, 339, 348, 361, 362, 406, 409, 410, 413, 416, 417, 418, 419, 420, 421, 422, 423, 424, 426, 429, 430, 431, 434, 455, 461, 463, 465, 467, 469, 473, 481, 482, 483, 484, 486, 489, 490, 493, 495, 505, 507, 508, 511, 546, 549, 550, 553, 556, 557, 558, 559, 560, 561, 562, 563, 564, 566, 569, 570, 571, 574, 595, 602, 603, 604, 605, 612, 618, 626, 627, 628, 631, 633, 636, 637, 641, 643, 653, 655, 656, 659, 660, 661, 664, 704, 776, 777, 785, 786, 787, 788, 796, 797, 798, 799, 801, 803, 807, 810, 812, 815, 816, 850, 853, 854, 855, 856, 859, 862, 865, 866, 869, 871, 872, 874, 875, 877, 878, 881, 882, 883, 884, 885, 886, 889, 898, 899, 900, 901, 902, 905, 906, 916, 966, 967, 1006, 1007, 1008, 1009, 1040, 1041, 1047, 1048, 1053, 1054, 1056, 1057, 1058, 1059], "excluded_lines": [21, 22, 23], "functions": {"_extract_units_normal": {"executed_lines": [61, 64, 65, 67, 71, 78, 79, 90, 91, 92, 94, 97, 99, 100, 101, 104, 105, 120, 121, 122, 123, 126, 127, 128, 129, 131, 139], "summary": {"covered_lines": 27, "num_statements": 32, "percent_covered": 84.375, "percent_covered_display": "84.38", "missing_lines": 5, "excluded_lines": 0}, "missing_lines": [68, 106, 108, 109, 110], "excluded_lines": []}, "_extract_units_entity_column_junk": {"executed_lines": [], "summary": {"covered_lines": 0, "num_statements": 26, "percent_covered": 0.0, "percent_covered_display": "0.00", "missing_lines": 26, "excluded_lines": 0}, "missing_lines": [164, 167, 168, 169, 170, 173, 174, 175, 176, 177, 178, 184, 185, 186, 190, 191, 194, 201, 202, 213, 214, 215, 217, 221, 222, 227], "excluded_lines": []}, "_detect_unit_column_statistical": {"executed_lines": [261, 265, 267, 272, 276, 278, 280, 284, 290, 291, 294, 296, 302, 329, 335, 337, 342], "summary": {"covered_lines": 17, "num_statements": 21, "percent_covered": 80.95238095238095, "percent_covered_display": "80.95", "missing_lines": 4, "excluded_lines": 0}, "missing_lines": [262, 269, 298, 339], "excluded_lines": []}, "_parse_value_unit": {"executed_lines": [347, 350, 353, 354, 355, 356, 358, 359, 360, 364], "summary": {"covered_lines": 10, "num_statements": 13, "percent_covered": 76.92307692307692, "percent_covered_display": "76.92", "missing_lines": 3, "excluded_lines": 0}, "missing_lines": [348, 361, 362], "excluded_lines": []}, "_infer_unit_from_context": {"executed_lines": [], "summary": {"covered_lines": 0, "num_statements": 38, "percent_covered": 0.0, "percent_covered_display": "0.00", "missing_lines": 38, "excluded_lines": 0}, "missing_lines": [406, 409, 410, 413, 416, 417, 418, 419, 420, 421, 422, 423, 424, 426, 429, 430, 431, 434, 455, 461, 463, 465, 467, 469, 473, 481, 482, 483, 484, 486, 489, 490, 493, 495, 505, 507, 508, 511], "excluded_lines": []}, "_infer_unit_from_context_async": {"executed_lines": [], "summary": {"covered_lines": 0, "num_statements": 41, "percent_covered": 0.0, "percent_covered_display": "0.00", "missing_lines": 41, "excluded_lines": 0}, "missing_lines": [546, 549, 550, 553, 556, 557, 558, 559, 560, 561, 562, 563, 564, 566, 569, 570, 571, 574, 595, 602, 603, 604, 605, 612, 618, 626, 627, 628, 631, 633, 636, 637, 641, 643, 653, 655, 656, 659, 660, 661, 664], "excluded_lines": []}, "_infer_units_batch_async": {"executed_lines": [695, 698, 699, 700, 701, 702, 703, 705, 706, 708, 711, 712, 713, 714, 715, 716, 717, 718, 720, 722, 744, 751, 752, 753, 754, 761, 766, 774, 775, 780, 782, 783, 790, 793, 794, 809, 814, 817, 818, 819], "summary": {"covered_lines": 40, "num_statements": 58, "percent_covered": 68.96551724137932, "percent_covered_display": "68.97", "missing_lines": 18, "excluded_lines": 0}, "missing_lines": [704, 776, 777, 785, 786, 787, 788, 796, 797, 798, 799, 801, 803, 807, 810, 812, 815, 816], "excluded_lines": []}, "_apply_context_aware_unit_inference": {"executed_lines": [], "summary": {"covered_lines": 0, "num_statements": 31, "percent_covered": 0.0, "percent_covered_display": "0.00", "missing_lines": 31, "excluded_lines": 0}, "missing_lines": [850, 853, 854, 855, 856, 859, 862, 865, 866, 869, 871, 872, 874, 875, 877, 878, 881, 882, 883, 884, 885, 886, 889, 898, 899, 900, 901, 902, 905, 906, 916], "excluded_lines": []}, "_apply_context_aware_unit_inference_async": {"executed_lines": [960, 962, 965, 970, 971, 972, 973, 976, 979, 981, 984, 987, 988, 991, 993, 995, 996, 998, 1000, 1001, 1004, 1005, 1012, 1015, 1017, 1018, 1019, 1020, 1021, 1023, 1028, 1034, 1037, 1038, 1039, 1042, 1045, 1046, 1050, 1052, 1062, 1063, 1064, 1077], "summary": {"covered_lines": 44, "num_statements": 60, "percent_covered": 73.33333333333333, "percent_covered_display": "73.33", "missing_lines": 16, "excluded_lines": 0}, "missing_lines": [966, 967, 1006, 1007, 1008, 1009, 1040, 1041, 1047, 1048, 1053, 1054, 1056, 1057, 1058, 1059], "excluded_lines": []}, "": {"executed_lines": [1, 13, 15, 16, 17, 18, 19, 21, 25, 29, 32, 142, 230, 345, 367, 514, 667, 822, 919], "summary": {"covered_lines": 17, "num_statements": 17, "percent_covered": 100.0, "percent_covered_display": "100.00", "missing_lines": 0, "excluded_lines": 3}, "missing_lines": [], "excluded_lines": [21, 22, 23]}}, "classes": {"": {"executed_lines": [1, 13, 15, 16, 17, 18, 19, 21, 25, 29, 32, 61, 64, 65, 67, 71, 78, 79, 90, 91, 92, 94, 97, 99, 100, 101, 104, 105, 120, 121, 122, 123, 126, 127, 128, 129, 131, 139, 142, 230, 261, 265, 267, 272, 276, 278, 280, 284, 290, 291, 294, 296, 302, 329, 335, 337, 342, 345, 347, 350, 353, 354, 355, 356, 358, 359, 360, 364, 367, 514, 667, 695, 698, 699, 700, 701, 702, 703, 705, 706, 708, 711, 712, 713, 714, 715, 716, 717, 718, 720, 722, 744, 751, 752, 753, 754, 761, 766, 774, 775, 780, 782, 783, 790, 793, 794, 809, 814, 817, 818, 819, 822, 919, 960, 962, 965, 970, 971, 972, 973, 976, 979, 981, 984, 987, 988, 991, 993, 995, 996, 998, 1000, 1001, 1004, 1005, 1012, 1015, 1017, 1018, 1019, 1020, 1021, 1023, 1028, 1034, 1037, 1038, 1039, 1042, 1045, 1046, 1050, 1052, 1062, 1063, 1064, 1077], "summary": {"covered_lines": 155, "num_statements": 337, "percent_covered": 45.99406528189911, "percent_covered_display": "45.99", "missing_lines": 182, "excluded_lines": 3}, "missing_lines": [68, 106, 108, 109, 110, 164, 167, 168, 169, 170, 173, 174, 175, 176, 177, 178, 184, 185, 186, 190, 191, 194, 201, 202, 213, 214, 215, 217, 221, 222, 227, 262, 269, 298, 339, 348, 361, 362, 406, 409, 410, 413, 416, 417, 418, 419, 420, 421, 422, 423, 424, 426, 429, 430, 431, 434, 455, 461, 463, 465, 467, 469, 473, 481, 482, 483, 484, 486, 489, 490, 493, 495, 505, 507, 508, 511, 546, 549, 550, 553, 556, 557, 558, 559, 560, 561, 562, 563, 564, 566, 569, 570, 571, 574, 595, 602, 603, 604, 605, 612, 618, 626, 627, 628, 631, 633, 636, 637, 641, 643, 653, 655, 656, 659, 660, 661, 664, 704, 776, 777, 785, 786, 787, 788, 796, 797, 798, 799, 801, 803, 807, 810, 812, 815, 816, 850, 853, 854, 855, 856, 859, 862, 865, 866, 869, 871, 872, 874, 875, 877, 878, 881, 882, 883, 884, 885, 886, 889, 898, 899, 900, 901, 902, 905, 906, 916, 966, 967, 1006, 1007, 1008, 1009, 1040, 1041, 1047, 1048, 1053, 1054, 1056, 1057, 1058, 1059], "excluded_lines": [21, 22, 23]}}}, "raglite/ingestion/adaptive_table_extraction.py": {"executed_lines": [1, 18, 27, 31], "summary": {"covered_lines": 3, "num_statements": 3, "percent_covered": 100.0, "percent_covered_display": "100.00", "missing_lines": 0, "excluded_lines": 0}, "missing_lines": [], "excluded_lines": [], "functions": {"": {"executed_lines": [1, 18, 27, 31], "summary": {"covered_lines": 3, "num_statements": 3, "percent_covered": 100.0, "percent_covered_display": "100.00", "missing_lines": 0, "excluded_lines": 0}, "missing_lines": [], "excluded_lines": []}}, "classes": {"": {"executed_lines": [1, 18, 27, 31], "summary": {"covered_lines": 3, "num_statements": 3, "percent_covered": 100.0, "percent_covered_display": "100.00", "missing_lines": 0, "excluded_lines": 0}, "missing_lines": [], "excluded_lines": []}}}, "raglite/ingestion/chunking_strategy.py": {"executed_lines": [1, 6, 8, 9, 11, 15, 16, 18, 22, 23, 24, 25, 27, 35, 85, 88, 89, 90, 91, 92, 93, 95, 106, 107, 111, 114, 117, 119, 120, 128, 132, 134, 138, 140, 141, 143, 145, 146, 150, 153, 154, 155, 158, 166, 169, 170, 173, 174, 176, 186, 189, 217, 218, 221, 222, 224, 230, 233, 234, 235, 236, 237, 238, 244, 245, 246, 247, 248, 249, 254, 256, 264, 265, 267, 268, 269, 271, 272, 275, 277, 278, 281, 282, 284, 285, 288, 289, 290, 293, 294, 296, 298, 299, 300, 302, 310, 312, 322, 325, 361, 363, 365, 368, 377, 378, 381, 382, 384, 386, 387, 388, 390, 392, 393, 395, 398, 399, 400, 403, 411, 412, 413, 416, 426, 427, 429, 445, 446, 447, 449, 450, 452, 453, 456, 460, 461, 464, 465, 467, 469, 471, 472, 474, 484, 485, 487, 488, 492, 494, 495, 501, 503, 505, 506, 510, 511, 512, 513, 514, 516, 518, 527, 528, 531, 536, 539, 540, 542, 544, 545, 546, 547, 548, 551, 553, 554, 555, 556, 558, 567, 587, 589, 592, 595, 596, 597, 600, 601, 602, 603, 605, 618], "summary": {"covered_lines": 190, "num_statements": 209, "percent_covered": 90.9090909090909, "percent_covered_display": "90.91", "missing_lines": 19, "excluded_lines": 3}, "missing_lines": [28, 29, 239, 240, 251, 257, 261, 301, 305, 306, 308, 366, 569, 570, 571, 572, 574, 575, 577], "excluded_lines": [11, 12, 13], "functions": {"chunk_document": {"executed_lines": [85, 88, 89, 90, 91, 92, 93, 95, 106, 107, 111, 114, 117, 119, 120, 128, 132, 134, 138, 140, 141, 143, 145, 146, 150, 153, 154, 155, 158, 166, 169, 170, 173, 174, 176, 186], "summary": {"covered_lines": 36, "num_statements": 36, "percent_covered": 100.0, "percent_covered_display": "100.00", "missing_lines": 0, "excluded_lines": 0}, "missing_lines": [], "excluded_lines": []}, "split_large_table_by_rows": {"executed_lines": [217, 218, 221, 222, 224, 230, 233, 234, 235, 236, 237, 238, 244, 245, 246, 247, 248, 249, 254, 256, 264, 265, 267, 268, 269, 271, 272, 275, 277, 278, 281, 282, 284, 285, 288, 289, 290, 293, 294, 296, 298, 299, 300, 302, 310, 312, 322], "summary": {"covered_lines": 47, "num_statements": 56, "percent_covered": 83.92857142857143, "percent_covered_display": "83.93", "missing_lines": 9, "excluded_lines": 0}, "missing_lines": [239, 240, 251, 257, 261, 301, 305, 306, 308], "excluded_lines": []}, "chunk_by_docling_items": {"executed_lines": [361, 363, 365, 368, 377, 378, 381, 382, 384, 386, 387, 388, 390, 392, 393, 395, 398, 399, 400, 403, 411, 412, 413, 416, 426, 427, 429, 445, 446, 447, 449, 450, 452, 453, 456, 460, 461, 464, 465, 467, 469, 471, 472, 474, 484, 485, 487, 488, 492, 494, 495, 501, 503, 505, 506, 510, 511, 512, 513, 514, 516, 518, 527, 528, 531, 536, 539, 540, 542, 544, 545, 546, 547, 548, 551, 553, 554, 555, 556, 558, 567, 587, 589, 592, 595, 596, 597, 600, 601, 602, 603, 605, 618], "summary": {"covered_lines": 93, "num_statements": 101, "percent_covered": 92.07920792079207, "percent_covered_display": "92.08", "missing_lines": 8, "excluded_lines": 0}, "missing_lines": [366, 569, 570, 571, 572, 574, 575, 577], "excluded_lines": []}, "": {"executed_lines": [1, 6, 8, 9, 11, 15, 16, 18, 22, 23, 24, 25, 27, 35, 189, 325], "summary": {"covered_lines": 14, "num_statements": 16, "percent_covered": 87.5, "percent_covered_display": "87.50", "missing_lines": 2, "excluded_lines": 3}, "missing_lines": [28, 29], "excluded_lines": [11, 12, 13]}}, "classes": {"": {"executed_lines": [1, 6, 8, 9, 11, 15, 16, 18, 22, 23, 24, 25, 27, 35, 85, 88, 89, 90, 91, 92, 93, 95, 106, 107, 111, 114, 117, 119, 120, 128, 132, 134, 138, 140, 141, 143, 145, 146, 150, 153, 154, 155, 158, 166, 169, 170, 173, 174, 176, 186, 189, 217, 218, 221, 222, 224, 230, 233, 234, 235, 236, 237, 238, 244, 245, 246, 247, 248, 249, 254, 256, 264, 265, 267, 268, 269, 271, 272, 275, 277, 278, 281, 282, 284, 285, 288, 289, 290, 293, 294, 296, 298, 299, 300, 302, 310, 312, 322, 325, 361, 363, 365, 368, 377, 378, 381, 382, 384, 386, 387, 388, 390, 392, 393, 395, 398, 399, 400, 403, 411, 412, 413, 416, 426, 427, 429, 445, 446, 447, 449, 450, 452, 453, 456, 460, 461, 464, 465, 467, 469, 471, 472, 474, 484, 485, 487, 488, 492, 494, 495, 501, 503, 505, 506, 510, 511, 512, 513, 514, 516, 518, 527, 528, 531, 536, 539, 540, 542, 544, 545, 546, 547, 548, 551, 553, 554, 555, 556, 558, 567, 587, 589, 592, 595, 596, 597, 600, 601, 602, 603, 605, 618], "summary": {"covered_lines": 190, "num_statements": 209, "percent_covered": 90.9090909090909, "percent_covered_display": "90.91", "missing_lines": 19, "excluded_lines": 3}, "missing_lines": [28, 29, 239, 240, 251, 257, 261, 301, 305, 306, 308, 366, 569, 570, 571, 572, 574, 575, 577], "excluded_lines": [11, 12, 13]}}}, "raglite/ingestion/document_ingestion.py": {"executed_lines": [1, 6, 8, 9, 10, 11, 12, 13, 14, 16, 19, 20, 21, 28, 29, 30, 35, 36, 37, 38, 39, 41, 44, 66, 68, 69, 70, 74, 77, 79, 80, 81, 82, 84, 85, 89, 92, 127, 128, 129, 130, 132, 135, 138, 139, 141, 142, 143, 147, 150, 151, 152, 153, 154, 166, 167, 169, 170, 171, 174, 175, 176, 177, 179, 180, 181, 183, 197, 198, 209, 219, 232, 236, 241, 250, 253, 255, 256, 263, 264, 273, 274, 275, 280, 283, 284, 289, 290, 295, 296, 297, 302, 306, 307, 313, 315, 316, 319, 322, 323, 332, 333, 343, 344, 353, 357, 359, 367, 370, 371, 373, 374, 375, 376, 379, 380, 387, 388, 398, 409, 410, 411, 420, 421, 434, 440, 442, 444, 445, 447, 450, 460, 463, 464, 465, 467, 468, 469, 470, 471, 472, 473, 475, 476, 477, 478, 480, 481, 482, 483, 485, 495, 496, 502, 505, 506, 509, 520, 521, 531, 534, 536, 551, 554, 579, 582, 584, 585, 586, 590, 592, 602, 604, 605, 606, 609, 614, 615, 616, 617, 622, 625, 626, 631, 638, 641, 642, 643, 645, 646, 647, 651, 653, 663, 664, 667, 671, 672, 674, 683, 695, 698, 705, 708, 718, 719, 720, 723, 724, 725, 728, 729, 732, 742, 745, 747, 762], "summary": {"covered_lines": 215, "num_statements": 237, "percent_covered": 90.71729957805907, "percent_covered_display": "90.72", "missing_lines": 22, "excluded_lines": 2}, "missing_lines": [158, 159, 190, 191, 213, 214, 329, 330, 389, 390, 395, 451, 453, 457, 655, 656, 660, 685, 686, 687, 692, 699], "excluded_lines": [16, 17], "functions": {"ingest_document": {"executed_lines": [66, 68, 69, 70, 74, 77, 79, 80, 81, 82, 84, 85, 89], "summary": {"covered_lines": 13, "num_statements": 13, "percent_covered": 100.0, "percent_covered_display": "100.00", "missing_lines": 0, "excluded_lines": 0}, "missing_lines": [], "excluded_lines": []}, "ingest_pdf": {"executed_lines": [127, 128, 129, 130, 132, 135, 138, 139, 141, 142, 143, 147, 150, 151, 152, 153, 154, 166, 167, 169, 170, 171, 174, 175, 176, 177, 179, 180, 181, 183, 197, 198, 209, 219, 232, 236, 241, 250, 253, 255, 256, 263, 264, 273, 274, 275, 280, 283, 284, 289, 290, 295, 296, 297, 302, 306, 307, 313, 315, 316, 319, 322, 323, 332, 333, 343, 344, 353, 357, 359, 367, 370, 371, 373, 374, 375, 376, 379, 380, 387, 388, 398, 409, 410, 411, 420, 421, 434, 440, 442, 460, 463, 464, 465, 467, 468, 469, 470, 471, 472, 473, 475, 476, 477, 478, 480, 481, 482, 483, 485, 495, 496, 502, 505, 506, 509, 520, 521, 531, 534, 536, 551], "summary": {"covered_lines": 122, "num_statements": 133, "percent_covered": 91.72932330827068, "percent_covered_display": "91.73", "missing_lines": 11, "excluded_lines": 0}, "missing_lines": [158, 159, 190, 191, 213, 214, 329, 330, 389, 390, 395], "excluded_lines": []}, "ingest_pdf.extract_for_chunk": {"executed_lines": [444, 445, 447, 450], "summary": {"covered_lines": 4, "num_statements": 7, "percent_covered": 57.142857142857146, "percent_covered_display": "57.14", "missing_lines": 3, "excluded_lines": 0}, "missing_lines": [451, 453, 457], "excluded_lines": []}, "extract_excel": {"executed_lines": [579, 582, 584, 585, 586, 590, 592, 602, 604, 605, 606, 609, 614, 615, 616, 617, 622, 625, 626, 631, 638, 641, 642, 643, 645, 646, 647, 651, 653, 663, 664, 667, 671, 672, 674, 683, 695, 698, 705, 708, 718, 719, 720, 723, 724, 725, 728, 729, 732, 742, 745, 747, 762], "summary": {"covered_lines": 53, "num_statements": 61, "percent_covered": 86.88524590163935, "percent_covered_display": "86.89", "missing_lines": 8, "excluded_lines": 0}, "missing_lines": [655, 656, 660, 685, 686, 687, 692, 699], "excluded_lines": []}, "": {"executed_lines": [1, 6, 8, 9, 10, 11, 12, 13, 14, 16, 19, 20, 21, 28, 29, 30, 35, 36, 37, 38, 39, 41, 44, 92, 554], "summary": {"covered_lines": 23, "num_statements": 23, "percent_covered": 100.0, "percent_covered_display": "100.00", "missing_lines": 0, "excluded_lines": 2}, "missing_lines": [], "excluded_lines": [16, 17]}}, "classes": {"": {"executed_lines": [1, 6, 8, 9, 10, 11, 12, 13, 14, 16, 19, 20, 21, 28, 29, 30, 35, 36, 37, 38, 39, 41, 44, 66, 68, 69, 70, 74, 77, 79, 80, 81, 82, 84, 85, 89, 92, 127, 128, 129, 130, 132, 135, 138, 139, 141, 142, 143, 147, 150, 151, 152, 153, 154, 166, 167, 169, 170, 171, 174, 175, 176, 177, 179, 180, 181, 183, 197, 198, 209, 219, 232, 236, 241, 250, 253, 255, 256, 263, 264, 273, 274, 275, 280, 283, 284, 289, 290, 295, 296, 297, 302, 306, 307, 313, 315, 316, 319, 322, 323, 332, 333, 343, 344, 353, 357, 359, 367, 370, 371, 373, 374, 375, 376, 379, 380, 387, 388, 398, 409, 410, 411, 420, 421, 434, 440, 442, 444, 445, 447, 450, 460, 463, 464, 465, 467, 468, 469, 470, 471, 472, 473, 475, 476, 477, 478, 480, 481, 482, 483, 485, 495, 496, 502, 505, 506, 509, 520, 521, 531, 534, 536, 551, 554, 579, 582, 584, 585, 586, 590, 592, 602, 604, 605, 606, 609, 614, 615, 616, 617, 622, 625, 626, 631, 638, 641, 642, 643, 645, 646, 647, 651, 653, 663, 664, 667, 671, 672, 674, 683, 695, 698, 705, 708, 718, 719, 720, 723, 724, 725, 728, 729, 732, 742, 745, 747, 762], "summary": {"covered_lines": 215, "num_statements": 237, "percent_covered": 90.71729957805907, "percent_covered_display": "90.72", "missing_lines": 22, "excluded_lines": 2}, "missing_lines": [158, 159, 190, 191, 213, 214, 329, 330, 389, 390, 395, 451, 453, 457, 655, 656, 660, 685, 686, 687, 692, 699], "excluded_lines": [16, 17]}}}, "raglite/ingestion/embedding_generation.py": {"executed_lines": [1, 6, 8, 9, 10, 12, 15, 16, 17, 18, 20, 24, 28, 29, 31, 34, 61, 63, 68, 69, 70, 73, 74, 77, 78, 79, 81, 83, 86, 87, 89, 98, 99, 100, 109, 112, 113, 115, 127, 130, 173, 176, 184, 193, 195, 199, 200, 208, 245, 254, 256, 264, 272, 273, 294, 296, 310], "summary": {"covered_lines": 54, "num_statements": 69, "percent_covered": 78.26086956521739, "percent_covered_display": "78.26", "missing_lines": 15, "excluded_lines": 2}, "missing_lines": [177, 178, 182, 257, 261, 265, 269, 312, 313, 314, 323, 325, 326, 327, 336], "excluded_lines": [12, 13], "functions": {"generate_embeddings": {"executed_lines": [61, 63, 68, 69, 70, 73, 74, 77, 78, 79, 81, 83, 86, 87, 89, 98, 99, 100, 109, 112, 113, 115, 127], "summary": {"covered_lines": 23, "num_statements": 23, "percent_covered": 100.0, "percent_covered_display": "100.00", "missing_lines": 0, "excluded_lines": 0}, "missing_lines": [], "excluded_lines": []}, "extract_chunk_metadata": {"executed_lines": [173, 176, 184, 193, 195, 199, 200, 208, 245, 254, 256, 264, 272, 273, 294, 296, 310], "summary": {"covered_lines": 17, "num_statements": 32, "percent_covered": 53.125, "percent_covered_display": "53.12", "missing_lines": 15, "excluded_lines": 0}, "missing_lines": [177, 178, 182, 257, 261, 265, 269, 312, 313, 314, 323, 325, 326, 327, 336], "excluded_lines": []}, "": {"executed_lines": [1, 6, 8, 9, 10, 12, 15, 16, 17, 18, 20, 24, 28, 29, 31, 34, 130], "summary": {"covered_lines": 14, "num_statements": 14, "percent_covered": 100.0, "percent_covered_display": "100.00", "missing_lines": 0, "excluded_lines": 2}, "missing_lines": [], "excluded_lines": [12, 13]}}, "classes": {"EmbeddingGenerationError": {"executed_lines": [], "summary": {"covered_lines": 0, "num_statements": 0, "percent_covered": 100.0, "percent_covered_display": "100.00", "missing_lines": 0, "excluded_lines": 0}, "missing_lines": [], "excluded_lines": []}, "": {"executed_lines": [1, 6, 8, 9, 10, 12, 15, 16, 17, 18, 20, 24, 28, 29, 31, 34, 61, 63, 68, 69, 70, 73, 74, 77, 78, 79, 81, 83, 86, 87, 89, 98, 99, 100, 109, 112, 113, 115, 127, 130, 173, 176, 184, 193, 195, 199, 200, 208, 245, 254, 256, 264, 272, 273, 294, 296, 310], "summary": {"covered_lines": 54, "num_statements": 69, "percent_covered": 78.26086956521739, "percent_covered_display": "78.26", "missing_lines": 15, "excluded_lines": 2}, "missing_lines": [177, 178, 182, 257, 261, 265, 269, 312, 313, 314, 323, 325, 326, 327, 336], "excluded_lines": [12, 13]}}}, "raglite/ingestion/job_tracker.py": {"executed_lines": [1, 7, 8, 9, 10, 12, 13, 15, 19, 22, 31, 33, 40, 42, 47, 50, 66, 70, 71, 73, 74, 76, 77, 79, 83, 84, 86, 98, 107, 110, 117, 119, 121, 123, 129, 132, 134, 161, 169, 171], "summary": {"covered_lines": 39, "num_statements": 46, "percent_covered": 84.78260869
[...]
s": 3}, "missing_lines": [191, 192, 193, 195, 196, 198, 280, 281], "excluded_lines": [287, 288, 289]}}}, "scripts/run-phase2a-final-validation.py": {"executed_lines": [], "summary": {"covered_lines": 0, "num_statements": 117, "percent_covered": 0.0, "percent_covered_display": "0.00", "missing_lines": 117, "excluded_lines": 13}, "missing_lines": [18, 19, 20, 21, 22, 23, 26, 27, 30, 31, 34, 43, 44, 45, 46, 47, 48, 49, 50, 51, 52, 54, 55, 56, 57, 59, 63, 64, 65, 66, 68, 69, 70, 72, 75, 76, 77, 78, 79, 82, 83, 85, 86, 87, 90, 92, 99, 100, 102, 103, 104, 105, 106, 109, 112, 117, 119, 120, 122, 123, 124, 125, 127, 129, 130, 133, 134, 135, 136, 139, 142, 143, 144, 147, 148, 149, 151, 157, 158, 159, 162, 163, 164, 166, 167, 168, 169, 170, 171, 172, 173, 174, 175, 176, 177, 178, 179, 180, 181, 182, 183, 185, 186, 187, 188, 189, 190, 191, 192, 195, 196, 198, 217, 218, 220, 221, 223], "excluded_lines": [226, 227, 228, 229, 230, 232, 233, 234, 235, 236, 237, 238, 240], "functions": {"run_phase2a_final_validation": {"executed_lines": [], "summary": {"covered_lines": 0, "num_statements": 106, "percent_covered": 0.0, "percent_covered_display": "0.00", "missing_lines": 106, "excluded_lines": 0}, "missing_lines": [43, 44, 45, 46, 47, 48, 49, 50, 51, 52, 54, 55, 56, 57, 59, 63, 64, 65, 66, 68, 69, 70, 72, 75, 76, 77, 78, 79, 82, 83, 85, 86, 87, 90, 92, 99, 100, 102, 103, 104, 105, 106, 109, 112, 117, 119, 120, 122, 123, 124, 125, 127, 129, 130, 133, 134, 135, 136, 139, 142, 143, 144, 147, 148, 149, 151, 157, 158, 159, 162, 163, 164, 166, 167, 168, 169, 170, 171, 172, 173, 174, 175, 176, 177, 178, 179, 180, 181, 182, 183, 185, 186, 187, 188, 189, 190, 191, 192, 195, 196, 198, 217, 218, 220, 221, 223], "excluded_lines": []}, "": {"executed_lines": [], "summary": {"covered_lines": 0, "num_statements": 11, "percent_covered": 0.0, "percent_covered_display": "0.00", "missing_lines": 11, "excluded_lines": 13}, "missing_lines": [18, 19, 20, 21, 22, 23, 26, 27, 30, 31, 34], "excluded_lines": [226, 227, 228, 229, 230, 232, 233, 234, 235, 236, 237, 238, 240]}}, "classes": {"": {"executed_lines": [], "summary": {"covered_lines": 0, "num_statements": 117, "percent_covered": 0.0, "percent_covered_display": "0.00", "missing_lines": 117, "excluded_lines": 13}, "missing_lines": [18, 19, 20, 21, 22, 23, 26, 27, 30, 31, 34, 43, 44, 45, 46, 47, 48, 49, 50, 51, 52, 54, 55, 56, 57, 59, 63, 64, 65, 66, 68, 69, 70, 72, 75, 76, 77, 78, 79, 82, 83, 85, 86, 87, 90, 92, 99, 100, 102, 103, 104, 105, 106, 109, 112, 117, 119, 120, 122, 123, 124, 125, 127, 129, 130, 133, 134, 135, 136, 139, 142, 143, 144, 147, 148, 149, 151, 157, 158, 159, 162, 163, 164, 166, 167, 168, 169, 170, 171, 172, 173, 174, 175, 176, 177, 178, 179, 180, 181, 182, 183, 185, 186, 187, 188, 189, 190, 191, 192, 195, 196, 198, 217, 218, 220, 221, 223], "excluded_lines": [226, 227, 228, 229, 230, 232, 233, 234, 235, 236, 237, 238, 240]}}}, "scripts/universal_test_runner.py": {"executed_lines": [], "summary": {"covered_lines": 0, "num_statements": 178, "percent_covered": 0.0, "percent_covered_display": "0.00", "missing_lines": 178, "excluded_lines": 2}, "missing_lines": [25, 26, 27, 28, 31, 34, 35, 37, 38, 39, 40, 41, 42, 43, 44, 45, 46, 48, 50, 51, 53, 54, 55, 56, 58, 59, 60, 65, 66, 67, 68, 69, 71, 72, 74, 75, 77, 78, 79, 80, 81, 83, 85, 86, 88, 89, 91, 92, 93, 96, 99, 100, 101, 102, 104, 114, 115, 117, 118, 120, 121, 123, 124, 126, 127, 130, 132, 141, 144, 145, 146, 147, 148, 149, 150, 151, 152, 153, 155, 158, 159, 161, 162, 165, 166, 167, 176, 177, 179, 182, 185, 187, 189, 197, 198, 200, 201, 203, 204, 206, 207, 209, 211, 212, 214, 215, 217, 218, 220, 223, 225, 227, 229, 230, 232, 234, 235, 237, 239, 241, 243, 244, 246, 247, 248, 249, 251, 253, 254, 255, 256, 257, 258, 259, 260, 261, 262, 264, 266, 269, 271, 272, 274, 275, 276, 278, 281, 283, 286, 288, 290, 291, 292, 293, 294, 295, 297, 300, 301, 303, 304, 306, 307, 308, 309, 312, 314, 315, 323, 324, 326, 328, 329, 331, 333, 335, 336, 337], "excluded_lines": [340, 341], "functions": {"ProjectDetector.detect_language": {"executed_lines": [], "summary": {"covered_lines": 0, "num_statements": 11, "percent_covered": 0.0, "percent_covered_display": "0.00", "missing_lines": 11, "excluded_lines": 0}, "missing_lines": [37, 38, 39, 40, 41, 42, 43, 44, 45, 46, 48], "excluded_lines": []}, "ProjectDetector.detect_test_framework": {"executed_lines": [], "summary": {"covered_lines": 0, "num_statements": 22, "percent_covered": 0.0, "percent_covered_display": "0.00", "missing_lines": 22, "excluded_lines": 0}, "missing_lines": [53, 54, 55, 56, 58, 59, 60, 65, 66, 67, 68, 69, 71, 72, 74, 75, 77, 78, 79, 80, 81, 83], "excluded_lines": []}, "ProjectDetector.get_cpu_count": {"executed_lines": [], "summary": {"covered_lines": 0, "num_statements": 5, "percent_covered": 0.0, "percent_covered_display": "0.00", "missing_lines": 5, "excluded_lines": 0}, "missing_lines": [88, 89, 91, 92, 93], "excluded_lines": []}, "TestRunner.__init__": {"executed_lines": [], "summary": {"covered_lines": 0, "num_statements": 3, "percent_covered": 0.0, "percent_covered_display": "0.00", "missing_lines": 3, "excluded_lines": 0}, "missing_lines": [100, 101, 102], "excluded_lines": []}, "TestRunner.build_command": {"executed_lines": [], "summary": {"covered_lines": 0, "num_statements": 11, "percent_covered": 0.0, "percent_covered_display": "0.00", "missing_lines": 11, "excluded_lines": 0}, "missing_lines": [114, 115, 117, 118, 120, 121, 123, 124, 126, 127, 130], "excluded_lines": []}, "TestRunner._build_pytest_command": {"executed_lines": [], "summary": {"covered_lines": 0, "num_statements": 25, "percent_covered": 0.0, "percent_covered_display": "0.00", "missing_lines": 25, "excluded_lines": 0}, "missing_lines": [141, 144, 145, 146, 147, 148, 149, 150, 151, 152, 153, 155, 158, 159, 161, 162, 165, 166, 167, 176, 177, 179, 182, 185, 187], "excluded_lines": []}, "TestRunner._build_node_command": {"executed_lines": [], "summary": {"covered_lines": 0, "num_statements": 17, "percent_covered": 0.0, "percent_covered_display": "0.00", "missing_lines": 17, "excluded_lines": 0}, "missing_lines": [197, 198, 200, 201, 203, 204, 206, 207, 209, 211, 212, 214, 215, 217, 218, 220, 223], "excluded_lines": []}, "TestRunner._build_go_command": {"executed_lines": [], "summary": {"covered_lines": 0, "num_statements": 8, "percent_covered": 0.0, "percent_covered_display": "0.00", "missing_lines": 8, "excluded_lines": 0}, "missing_lines": [227, 229, 230, 232, 234, 235, 237, 239], "excluded_lines": []}, "TestRunner._build_rust_command": {"executed_lines": [], "summary": {"covered_lines": 0, "num_statements": 6, "percent_covered": 0.0, "percent_covered_display": "0.00", "missing_lines": 6, "excluded_lines": 0}, "missing_lines": [243, 244, 246, 247, 248, 249], "excluded_lines": []}, "TestRunner._build_java_command": {"executed_lines": [], "summary": {"covered_lines": 0, "num_statements": 11, "percent_covered": 0.0, "percent_covered_display": "0.00", "missing_lines": 11, "excluded_lines": 0}, "missing_lines": [253, 254, 255, 256, 257, 258, 259, 260, 261, 262, 264], "excluded_lines": []}, "TestRunner._detect_python_source_dir": {"executed_lines": [], "summary": {"covered_lines": 0, "num_statements": 7, "percent_covered": 0.0, "percent_covered_display": "0.00", "missing_lines": 7, "excluded_lines": 0}, "missing_lines": [269, 271, 272, 274, 275, 276, 278], "excluded_lines": []}, "print_usage": {"executed_lines": [], "summary": {"covered_lines": 0, "num_statements": 1, "percent_covered": 0.0, "percent_covered_display": "0.00", "missing_lines": 1, "excluded_lines": 0}, "missing_lines": [283], "excluded_lines": []}, "main": {"executed_lines": [], "summary": {"covered_lines": 0, "num_statements": 29, "percent_covered": 0.0, "percent_covered_display": "0.00", "missing_lines": 29, "excluded_lines": 0}, "missing_lines": [288, 290, 291, 292, 293, 294, 295, 297, 300, 301, 303, 304, 306, 307, 308, 309, 312, 314, 315, 323, 324, 326, 328, 329, 331, 333, 335, 336, 337], "excluded_lines": []}, "": {"executed_lines": [], "summary": {"covered_lines": 0, "num_statements": 22, "percent_covered": 0.0, "percent_covered_display": "0.00", "missing_lines": 22, "excluded_lines": 2}, "missing_lines": [25, 26, 27, 28, 31, 34, 35, 50, 51, 85, 86, 96, 99, 104, 132, 189, 225, 241, 251, 266, 281, 286], "excluded_lines": [340, 341]}}, "classes": {"ProjectDetector": {"executed_lines": [], "summary": {"covered_lines": 0, "num_statements": 38, "percent_covered": 0.0, "percent_covered_display": "0.00", "missing_lines": 38, "excluded_lines": 0}, "missing_lines": [37, 38, 39, 40, 41, 42, 43, 44, 45, 46, 48, 53, 54, 55, 56, 58, 59, 60, 65, 66, 67, 68, 69, 71, 72, 74, 75, 77, 78, 79, 80, 81, 83, 88, 89, 91, 92, 93], "excluded_lines": []}, "TestRunner": {"executed_lines": [], "summary": {"covered_lines": 0, "num_statements": 88, "percent_covered": 0.0, "percent_covered_display": "0.00", "missing_lines": 88, "excluded_lines": 0}, "missing_lines": [100, 101, 102, 114, 115, 117, 118, 120, 121, 123, 124, 126, 127, 130, 141, 144, 145, 146, 147, 148, 149, 150, 151, 152, 153, 155, 158, 159, 161, 162, 165, 166, 167, 176, 177, 179, 182, 185, 187, 197, 198, 200, 201, 203, 204, 206, 207, 209, 211, 212, 214, 215, 217, 218, 220, 223, 227, 229, 230, 232, 234, 235, 237, 239, 243, 244, 246, 247, 248, 249, 253, 254, 255, 256, 257, 258, 259, 260, 261, 262, 264, 269, 271, 272, 274, 275, 276, 278], "excluded_lines": []}, "": {"executed_lines": [], "summary": {"covered_lines": 0, "num_statements": 52, "percent_covered": 0.0, "percent_covered_display": "0.00", "missing_lines": 52, "excluded_lines": 2}, "missing_lines": [25, 26, 27, 28, 31, 34, 35, 50, 51, 85, 86, 96, 99, 104, 132, 189, 225, 241, 251, 266, 281, 283, 286, 288, 290, 291, 292, 293, 294, 295, 297, 300, 301, 303, 304, 306, 307, 308, 309, 312, 314, 315, 323, 324, 326, 328, 329, 331, 333, 335, 336, 337], "excluded_lines": [340, 341]}}}, "scripts/validate-ground-truth-against-pdf.py": {"executed_lines": [], "summary": {"covered_lines": 0, "num_statements": 52, "percent_covered": 0.0, "percent_covered_display": "0.00", "missing_lines": 52, "excluded_lines": 2}, "missing_lines": [18, 19, 22, 23, 25, 28, 30, 32, 33, 34, 35, 36, 37, 38, 39, 41, 44, 55, 56, 57, 59, 66, 77, 80, 82, 83, 84, 85, 86, 87, 90, 91, 92, 93, 94, 95, 98, 101, 102, 103, 105, 106, 107, 108, 111, 112, 113, 114, 115, 116, 117, 119], "excluded_lines": [122, 123], "functions": {"get_pdf_path_for_page": {"executed_lines": [], "summary": {"covered_lines": 0, "num_statements": 10, "percent_covered": 0.0, "percent_covered_display": "0.00", "missing_lines": 10, "excluded_lines": 0}, "missing_lines": [30, 32, 33, 34, 35, 36, 37, 38, 39, 41], "excluded_lines": []}, "validate_question": {"executed_lines": [], "summary": {"covered_lines": 0, "num_statements": 6, "percent_covered": 0.0, "percent_covered_display": "0.00", "missing_lines": 6, "excluded_lines": 0}, "missing_lines": [55, 56, 57, 59, 66, 77], "excluded_lines": []}, "main": {"executed_lines": [], "summary": {"covered_lines": 0, "num_statements": 28, "percent_covered": 0.0, "percent_covered_display": "0.00", "missing_lines": 28, "excluded_lines": 0}, "missing_lines": [82, 83, 84, 85, 86, 87, 90, 91, 92, 93, 94, 95, 98, 101, 102, 103, 105, 106, 107, 108, 111, 112, 113, 114, 115, 116, 117, 119], "excluded_lines": []}, "": {"executed_lines": [], "summary": {"covered_lines": 0, "num_statements": 8, "percent_covered": 0.0, "percent_covered_display": "0.00", "missing_lines": 8, "excluded_lines": 2}, "missing_lines": [18, 19, 22, 23, 25, 28, 44, 80], "excluded_lines": [122, 123]}}, "classes": {"": {"executed_lines": [], "summary": {"covered_lines": 0, "num_statements": 52, "percent_covered": 0.0, "percent_covered_display": "0.00", "missing_lines": 52, "excluded_lines": 2}, "missing_lines": [18, 19, 22, 23, 25, 28, 30, 32, 33, 34, 35, 36, 37, 38, 39, 41, 44, 55, 56, 57, 59, 66, 77, 80, 82, 83, 84, 85, 86, 87, 90, 91, 92, 93, 94, 95, 98, 101, 102, 103, 105, 106, 107, 108, 111, 112, 113, 114, 115, 116, 117, 119], "excluded_lines": [122, 123]}}}, "scripts/validate-ground-truth-batch.py": {"executed_lines": [], "summary": {"covered_lines": 0, "num_statements": 97, "percent_covered": 0.0, "percent_covered_display": "0.00", "missing_lines": 97, "excluded_lines": 2}, "missing_lines": [7, 8, 11, 12, 14, 16, 17, 18, 19, 20, 23, 25, 26, 27, 28, 29, 30, 31, 32, 33, 34, 37, 44, 45, 48, 49, 50, 51, 52, 53, 54, 55, 57, 59, 60, 61, 62, 64, 65, 67, 68, 69, 70, 72, 75, 77, 78, 79, 81, 84, 87, 88, 90, 93, 95, 105, 106, 108, 109, 110, 112, 114, 117, 119, 120, 121, 122, 125, 127, 128, 130, 131, 132, 133, 136, 137, 138, 139, 140, 141, 143, 144, 145, 148, 149, 150, 151, 152, 153, 154, 155, 156, 157, 158, 160, 161, 163], "excluded_lines": [166, 167], "functions": {"get_pdf_path": {"executed_lines": [], "summary": {"covered_lines": 0, "num_statements": 10, "percent_covered": 0.0, "percent_covered_display": "0.00", "missing_lines": 10, "excluded_lines": 0}, "missing_lines": [25, 26, 27, 28, 29, 30, 31, 32, 33, 34], "excluded_lines": []}, "search_pdf_for_keywords": {"executed_lines": [], "summary": {"covered_lines": 0, "num_statements": 22, "percent_covered": 0.0, "percent_covered_display": "0.00", "missing_lines": 22, "excluded_lines": 0}, "missing_lines": [44, 45, 48, 49, 50, 51, 52, 53, 54, 55, 57, 59, 60, 61, 62, 64, 65, 67, 68, 69, 70, 72], "excluded_lines": []}, "validate_question": {"executed_lines": [], "summary": {"covered_lines": 0, "num_statements": 17, "percent_covered": 0.0, "percent_covered_display": "0.00", "missing_lines": 17, "excluded_lines": 0}, "missing_lines": [77, 78, 79, 81, 84, 87, 88, 90, 93, 95, 105, 106, 108, 109, 110, 112, 114], "excluded_lines": []}, "main": {"executed_lines": [], "summary": {"covered_lines": 0, "num_statements": 34, "percent_covered": 0.0, "percent_covered_display": "0.00", "missing_lines": 34, "excluded_lines": 0}, "missing_lines": [119, 120, 121, 122, 125, 127, 128, 130, 131, 132, 133, 136, 137, 138, 139, 140, 141, 143, 144, 145, 148, 149, 150, 151, 152, 153, 154, 155, 156, 157, 158, 160, 161, 163], "excluded_lines": []}, "": {"executed_lines": [], "summary": {"covered_lines": 0, "num_statements": 14, "percent_covered": 0.0, "percent_covered_display": "0.00", "missing_lines": 14, "excluded_lines": 2}, "missing_lines": [7, 8, 11, 12, 14, 16, 17, 18, 19, 20, 23, 37, 75, 117], "excluded_lines": [166, 167]}}, "classes": {"": {"executed_lines": [], "summary": {"covered_lines": 0, "num_statements": 97, "percent_covered": 0.0, "percent_covered_display": "0.00", "missing_lines": 97, "excluded_lines": 2}, "missing_lines": [7, 8, 11, 12, 14, 16, 17, 18, 19, 20, 23, 25, 26, 27, 28, 29, 30, 31, 32, 33, 34, 37, 44, 45, 48, 49, 50, 51, 52, 53, 54, 55, 57, 59, 60, 61, 62, 64, 65, 67, 68, 69, 70, 72, 75, 77, 78, 79, 81, 84, 87, 88, 90, 93, 95, 105, 106, 108, 109, 110, 112, 114, 117, 119, 120, 121, 122, 125, 127, 128, 130, 131, 132, 133, 136, 137, 138, 139, 140, 141, 143, 144, 145, 148, 149, 150, 151, 152, 153, 154, 155, 156, 157, 158, 160, 161, 163], "excluded_lines": [166, 167]}}}, "scripts/validate_ground_truth.py": {"executed_lines": [], "summary": {"covered_lines": 0, "num_statements": 103, "percent_covered": 0.0, "percent_covered_display": "0.00", "missing_lines": 103, "excluded_lines": 2}, "missing_lines": [23, 24, 27, 29, 32, 38, 41, 42, 50, 55, 68, 69, 70, 72, 75, 76, 77, 78, 79, 80, 82, 83, 85, 88, 89, 90, 91, 93, 96, 97, 98, 99, 101, 102, 103, 104, 105, 106, 107, 108, 110, 111, 114, 115, 116, 117, 119, 120, 121, 122, 123, 124, 125, 126, 129, 130, 132, 133, 136, 137, 138, 139, 140, 142, 143, 145, 148, 149, 150, 151, 152, 154, 155, 157, 160, 161, 162, 163, 164, 166, 169, 171, 172, 173, 174, 176, 178, 179, 180, 181, 182, 183, 184, 185, 186, 187, 189, 190, 191, 192, 193, 194, 195], "excluded_lines": [198, 199], "functions": {"validate_ground_truth": {"executed_lines": [], "summary": {"covered_lines": 0, "num_statements": 75, "percent_covered": 0.0, "percent_covered_display": "0.00", "missing_lines": 75, "excluded_lines": 0}, "missing_lines": [38, 41, 42, 50, 55, 68, 69, 70, 72, 75, 76, 77, 78, 79, 80, 82, 83, 85, 88, 89, 90, 91, 93, 96, 97, 98, 99, 101, 102, 103, 104, 105, 106, 107, 108, 110, 111, 114, 115, 116, 117, 119, 120, 121, 122, 123, 124, 125, 126, 129, 130, 132, 133, 136, 137, 138, 139, 140, 142, 143, 145, 148, 149, 150, 151, 152, 154, 155, 157, 160, 161, 162, 163, 164, 166], "excluded_lines": []}, "main": {"executed_lines": [], "summary": {"covered_lines": 0, "num_statements": 22, "percent_covered": 0.0, "percent_covered_display": "0.00", "missing_lines": 22, "excluded_lines": 0}, "missing_lines": [171, 172, 173, 174, 176, 178, 179, 180, 181, 182, 183, 184, 185, 186, 187, 189, 190, 191, 192, 193, 194, 195], "excluded_lines": []}, "": {"executed_lines": [], "summary": {"covered_lines": 0, "num_statements": 6, "percent_covered": 0.0, "percent_covered_display": "0.00", "missing_lines": 6, "excluded_lines": 2}, "missing_lines": [23, 24, 27, 29, 32, 169], "excluded_lines": [198, 199]}}, "classes": {"": {"executed_lines": [], "summary": {"covered_lines": 0, "num_statements": 103, "percent_covered": 0.0, "percent_covered_display": "0.00", "missing_lines": 103, "excluded_lines": 2}, "missing_lines": [23, 24, 27, 29, 32, 38, 41, 42, 50, 55, 68, 69, 70, 72, 75, 76, 77, 78, 79, 80, 82, 83, 85, 88, 89, 90, 91, 93, 96, 97, 98, 99, 101, 102, 103, 104, 105, 106, 107, 108, 110, 111, 114, 115, 116, 117, 119, 120, 121, 122, 123, 124, 125, 126, 129, 130, 132, 133, 136, 137, 138, 139, 140, 142, 143, 145, 148, 149, 150, 151, 152, 154, 155, 157, 160, 161, 162, 163, 164, 166, 169, 171, 172, 173, 174, 176, 178, 179, 180, 181, 182, 183, 184, 185, 186, 187, 189, 190, 191, 192, 193, 194, 195], "excluded_lines": [198, 199]}}}, "scripts/verify-postgres-data-quality.py": {"executed_lines": [], "summary": {"covered_lines": 0, "num_statements": 78, "percent_covered": 0.0, "percent_covered_display": "0.00", "missing_lines": 78, "excluded_lines": 2}, "missing_lines": [12, 15, 17, 18, 19, 20, 22, 23, 26, 27, 28, 29, 30, 33, 34, 43, 44, 45, 46, 47, 50, 51, 60, 61, 62, 63, 64, 66, 67, 70, 71, 80, 81, 82, 83, 84, 86, 87, 90, 91, 101, 102, 103, 104, 107, 108, 118, 119, 120, 121, 124, 125, 134, 135, 136, 137, 138, 139, 140, 141, 142, 143, 144, 146, 147, 148, 149, 152, 154, 155, 156, 157, 158, 159, 161, 162, 164, 165], "excluded_lines": [168, 169], "functions": {"verify_data_quality": {"executed_lines": [], "summary": {"covered_lines": 0, "num_statements": 76, "percent_covered": 0.0, "percent_covered_display": "0.00", "missing_lines": 76, "excluded_lines": 0}, "missing_lines": [17, 18, 19, 20, 22, 23, 26, 27, 28, 29, 30, 33, 34, 43, 44, 45, 46, 47, 50, 51, 60, 61, 62, 63, 64, 66, 67, 70, 71, 80, 81, 82, 83, 84, 86, 87, 90, 91, 101, 102, 103, 104, 107, 108, 118, 119, 120, 121, 124, 125, 134, 135, 136, 137, 138, 139, 140, 141, 142, 143, 144, 146, 147, 148, 149, 152, 154, 155, 156, 157, 158, 159, 161, 162, 164, 165], "excluded_lines": []}, "": {"executed_lines": [], "summary": {"covered_lines": 0, "num_statements": 2, "percent_covered": 0.0, "percent_covered_display": "0.00", "missing_lines": 2, "excluded_lines": 2}, "missing_lines": [12, 15], "excluded_lines": [168, 169]}}, "classes": {"": {"executed_lines": [], "summary": {"covered_lines": 0, "num_statements": 78, "percent_covered": 0.0, "percent_covered_display": "0.00", "missing_lines": 78, "excluded_lines": 2}, "missing_lines": [12, 15, 17, 18, 19, 20, 22, 23, 26, 27, 28, 29, 30, 33, 34, 43, 44, 45, 46, 47, 50, 51, 60, 61, 62, 63, 64, 66, 67, 70, 71, 80, 81, 82, 83, 84, 86, 87, 90, 91, 101, 102, 103, 104, 107, 108, 118, 119, 120, 121, 124, 125, 134, 135, 136, 137, 138, 139, 140, 141, 142, 143, 144, 146, 147, 148, 149, 152, 154, 155, 156, 157, 158, 159, 161, 162, 164, 165], "excluded_lines": [168, 169]}}}}, "totals": {"covered_lines": 3576, "num_statements": 6206, "percent_covered": 57.62165646148888, "percent_covered_display": "57.62", "missing_lines": 2630, "excluded_lines": 114}}
