<?xml version="1.0" encoding="utf-8"?><testsuites name="pytest tests"><testsuite name="pytest" errors="0" failures="0" skipped="7" tests="283" time="25.675" timestamp="2025-11-09T00:50:55.984859+00:00" hostname="Mac.lan"><testcase classname="tests.unit.test_period_normalizer.TestNormalizePeriod" name="test_normalize_period_q1_to_months" time="0.069" /><testcase classname="tests.unit.test_query_preprocessing.TestQueryPreprocessing" name="test_preprocess_removes_stopwords" time="0.069" /><testcase classname="tests.unit.test_retrieval.TestGenerateQueryEmbedding" name="test_generate_query_embedding_success" time="0.071" /><testcase classname="tests.unit.test_period_normalizer.TestNormalizePeriod" name="test_normalize_period_q2_to_months" time="0.000" /><testcase classname="tests.unit.test_period_normalizer.TestNormalizePeriod" name="test_normalize_period_q3_to_months" time="0.000" /><testcase classname="tests.unit.test_period_normalizer.TestNormalizePeriod" name="test_normalize_period_q4_to_months" time="0.000" /><testcase classname="tests.unit.test_period_normalizer.TestNormalizePeriod" name="test_normalize_period_q3_short_year" time="0.000" /><testcase classname="tests.unit.test_retrieval.TestGenerateQueryEmbedding" name="test_generate_query_embedding_empty_query" time="0.001" /><testcase classname="tests.unit.test_query_preprocessing.TestQueryPreprocessing" name="test_preprocess_extracts_temporal_filters" time="0.000" /><testcase classname="tests.unit.test_query_preprocessing.TestQueryPreprocessing" name="test_preprocess_removes_temporal_terms_from_keywords" time="0.000" /><testcase classname="tests.unit.test_query_preprocessing.TestQueryPreprocessing" name="test_preprocess_preserves_business_term_case" time="0.000" /><testcase classname="tests.unit.test_query_preprocessing.TestQueryPreprocessing" name="test_preprocess_removes_question_marks" time="0.000" /><testcase classname="tests.unit.test_query_preprocessing.TestQueryPreprocessing" name="test_preprocess_empty_query_returns_empty_keywords" time="0.000" /><testcase classname="tests.unit.test_ingestion.TestIngestPDF" name="test_ingest_pdf_success" time="1.962" /><testcase classname="tests.unit.test_retrieval.TestGenerateQueryEmbedding" name="test_generate_query_embedding_model_failure" time="0.003" /><testcase classname="tests.unit.test_query_preprocessing.TestQueryPreprocessing" name="test_preprocess_only_stopwords_returns_empty" time="0.000" /><testcase classname="tests.unit.test_period_normalizer.TestNormalizePeriod" name="test_normalize_period_month_full_year" time="0.000" /><testcase classname="tests.unit.test_period_normalizer.TestNormalizePeriod" name="test_normalize_period_month_short_year" time="0.000" /><testcase classname="tests.unit.test_period_normalizer.TestNormalizePeriod" name="test_normalize_period_month_abbrev" time="0.000" /><testcase classname="tests.unit.test_query_preprocessing.TestQueryPreprocessing" name="test_preprocess_no_temporal_info_returns_none_filters" time="0.000" /><testcase classname="tests.unit.test_query_preprocessing.TestTemporalFilterExtraction" name="test_extract_temporal_full_month_name_and_year" time="0.000" /><testcase classname="tests.unit.test_period_normalizer.TestNormalizePeriod" name="test_normalize_period_half_year_h1" time="0.000" /><testcase classname="tests.unit.test_query_preprocessing.TestTemporalFilterExtraction" name="test_extract_temporal_abbreviated_month_and_year" time="0.000" /><testcase classname="tests.unit.test_retrieval.TestSearchDocuments" name="test_search_documents_basic" time="0.002" /><testcase classname="tests.unit.test_period_normalizer.TestNormalizePeriod" name="test_normalize_period_half_year_h2" time="0.000" /><testcase classname="tests.unit.test_query_preprocessing.TestTemporalFilterExtraction" name="test_extract_temporal_normalizes_month_names" time="0.000" /><testcase classname="tests.unit.test_period_normalizer.TestNormalizePeriod" name="test_normalize_period_fiscal_year" time="0.000" /><testcase classname="tests.unit.test_query_preprocessing.TestTemporalFilterExtraction" name="test_extract_temporal_year_only" time="0.000" /><testcase classname="tests.unit.test_period_normalizer.TestNormalizePeriod" name="test_normalize_period_fiscal_year_spelled_out" time="0.000" /><testcase classname="tests.unit.test_query_preprocessing.TestTemporalFilterExtraction" name="test_extract_temporal_no_temporal_info_returns_none" time="0.000" /><testcase classname="tests.unit.test_retrieval.TestSearchDocuments" name="test_search_documents_custom_top_k" time="0.002" /><testcase classname="tests.unit.test_period_normalizer.TestNormalizePeriod" name="test_normalize_period_full_year" time="0.000" /><testcase classname="tests.unit.test_query_preprocessing.TestTemporalFilterExtraction" name="test_extract_temporal_prefers_month_year_over_year_only" time="0.000" /><testcase classname="tests.unit.test_period_normalizer.TestNormalizePeriod" name="test_normalize_period_unknown_format" time="0.000" /><testcase classname="tests.unit.test_query_preprocessing.TestStopwordsAndMappings" name="test_stopwords_contains_common_words" time="0.000" /><testcase classname="tests.unit.test_period_normalizer.TestNormalizePeriod" name="test_normalize_period_empty_string" time="0.000" /><testcase classname="tests.unit.test_query_preprocessing.TestStopwordsAndMappings" name="test_month_mappings_contains_all_months" time="0.000" /><testcase classname="tests.unit.test_retrieval.TestSearchDocuments" name="test_metadata_filtering_by_source_document" time="0.001" /><testcase classname="tests.unit.test_period_normalizer.TestNormalizeMonth" name="test_normalize_month_january_full" time="0.000" /><testcase classname="tests.unit.test_query_preprocessing.TestStopwordsAndMappings" name="test_month_mappings_normalizes_correctly" time="0.000" /><testcase classname="tests.unit.test_period_normalizer.TestNormalizeMonth" name="test_normalize_month_january_abbrev" time="0.000" /><testcase classname="tests.unit.test_query_preprocessing.TestQueryPreprocessingEdgeCases" name="test_preprocess_multiple_business_terms" time="0.000" /><testcase classname="tests.unit.test_retrieval.TestSearchDocuments" name="test_empty_query_handling" time="0.001" /><testcase classname="tests.unit.test_period_normalizer.TestNormalizeMonth" name="test_normalize_month_august_lowercase" time="0.000" /><testcase classname="tests.unit.test_query_preprocessing.TestQueryPreprocessingEdgeCases" name="test_preprocess_whitespace_normalized" time="0.000" /><testcase classname="tests.unit.test_period_normalizer.TestNormalizeMonth" name="test_normalize_month_december" time="0.000" /><testcase classname="tests.unit.test_query_preprocessing.TestQueryPreprocessingEdgeCases" name="test_preprocess_special_characters_in_business_terms" time="0.000" /><testcase classname="tests.unit.test_retrieval.TestSearchDocuments" name="test_relevance_scoring_sorted_descending" time="0.001" /><testcase classname="tests.unit.test_period_normalizer.TestNormalizeMonth" name="test_normalize_month_may" time="0.000" /><testcase classname="tests.unit.test_query_preprocessing.TestQueryPreprocessingEdgeCases" name="test_preprocess_case_insensitive_stopword_removal" time="0.000" /><testcase classname="tests.unit.test_period_normalizer.TestNormalizeMonth" name="test_normalize_month_unknown" time="0.000" /><testcase classname="tests.unit.test_query_preprocessing.TestQueryPreprocessingEdgeCases" name="test_preprocess_real_world_financial_query" time="0.000" /><testcase classname="tests.unit.test_retrieval.TestSearchDocuments" name="test_connection_error_handling" time="0.006" /><testcase classname="tests.unit.test_period_normalizer.TestDetectPeriodInQuery" name="test_detect_period_q3_2025" time="0.001" /><testcase classname="tests.unit.test_attribution.TestCitationGeneration" name="test_generate_citations_adds_formatted_citation" time="0.007" /><testcase classname="tests.unit.test_period_normalizer.TestDetectPeriodInQuery" name="test_detect_period_q2_short_year" time="0.000" /><testcase classname="tests.unit.test_period_normalizer.TestDetectPeriodInQuery" name="test_detect_period_august_2025" time="0.001" /><testcase classname="tests.unit.test_retrieval.TestSearchDocuments" name="test_metadata_validation_all_fields_present" time="0.001" /><testcase classname="tests.unit.test_period_normalizer.TestDetectPeriodInQuery" name="test_detect_period_aug_25" time="0.000" /><testcase classname="tests.unit.test_period_normalizer.TestDetectPeriodInQuery" name="test_detect_period_aug_25_ytd" time="0.000" /><testcase classname="tests.unit.test_attribution.TestCitationGeneration" name="test_generate_citations_preserves_original_text" time="0.001" /><testcase classname="tests.unit.test_retrieval.TestSearchDocuments" name="test_metadata_validation_missing_page_number" time="0.002" /><testcase classname="tests.unit.test_period_normalizer.TestDetectPeriodInQuery" name="test_detect_period_fiscal_year" time="0.000" /><testcase classname="tests.unit.test_period_normalizer.TestDetectPeriodInQuery" name="test_detect_period_fy_short" time="0.000" /><testcase classname="tests.unit.test_attribution.TestCitationGeneration" name="test_generate_citations_multiple_results" time="0.001" /><testcase classname="tests.unit.test_period_normalizer.TestDetectPeriodInQuery" name="test_detect_period_half_year_h1" time="0.000" /><testcase classname="tests.unit.test_retrieval.TestGenerateCitations" name="test_generate_citations_basic" time="0.001" /><testcase classname="tests.unit.test_period_normalizer.TestDetectPeriodInQuery" name="test_detect_period_half_year_h2" time="0.000" /><testcase classname="tests.unit.test_attribution.TestCitationGeneration" name="test_generate_citations_empty_results_returns_empty" time="0.001" /><testcase classname="tests.unit.test_retrieval.TestGenerateCitations" name="test_generate_citations_multi_source" time="0.001" /><testcase classname="tests.unit.test_period_normalizer.TestDetectPeriodInQuery" name="test_detect_period_no_period" time="0.000" /><testcase classname="tests.unit.test_period_normalizer.TestDetectPeriodInQuery" name="test_detect_period_case_insensitive" time="0.000" /><testcase classname="tests.unit.test_attribution.TestCitationGeneration" name="test_generate_citations_missing_page_number_shows_na" time="0.001" /><testcase classname="tests.unit.test_retrieval.TestGenerateCitations" name="test_citation_format" time="0.001" /><testcase classname="tests.unit.test_period_normalizer.TestDetectPeriodInQuery" name="test_detect_period_multiple_periods_first_match" time="0.000" /><testcase classname="tests.unit.test_period_normalizer.TestPeriodNormalizerIntegration" name="test_integration_q3_workflow" time="0.000" /><testcase classname="tests.unit.test_attribution.TestCitationErrorHandling" name="test_generate_citations_missing_source_document_raises_error" time="0.001" /><testcase classname="tests.unit.test_retrieval.TestGenerateCitations" name="test_missing_page_number" time="0.001" /><testcase classname="tests.unit.test_period_normalizer.TestPeriodNormalizerIntegration" name="test_integration_august_workflow" time="0.001" /><testcase classname="tests.unit.test_period_normalizer.TestPeriodNormalizerIntegration" name="test_integration_no_period_workflow" time="0.000" /><testcase classname="tests.unit.test_attribution.TestCitationErrorHandling" name="test_generate_citations_whitespace_source_document_raises_error" time="0.001" /><testcase classname="tests.unit.test_retrieval.TestGenerateCitations" name="test_missing_source_document" time="0.001" /><testcase classname="tests.unit.test_bm25.TestBM25IndexCreation" name="test_create_index_with_single_chunk" time="0.008" /><testcase classname="tests.unit.test_attribution.TestCitationErrorHandling" name="test_citation_error_is_exception" time="0.001" /><testcase classname="tests.unit.test_retrieval.TestGenerateCitations" name="test_citation_appended_to_text" time="0.001" /><testcase classname="tests.unit.test_attribution.TestCitationFormat" name="test_citation_format_matches_specification" time="0.001" /><testcase classname="tests.unit.test_retrieval.TestGenerateCitations" name="test_empty_results_list" time="0.001" /><testcase classname="tests.unit.test_attribution.TestCitationFormat" name="test_citation_separated_by_double_newline" time="0.001" /><testcase classname="tests.unit.test_retrieval.TestGenerateCitations" name="test_citation_ordering" time="0.001" /><testcase classname="tests.unit.test_inspect_database_epic_3.TestFetchDistinctMetrics" name="test_fetch_distinct_metrics_success" time="0.004" /><testcase classname="tests.unit.test_attribution.TestCitationFormat" name="test_citation_handles_special_characters_in_filename" time="0.001" /><testcase classname="tests.unit.test_attribution.TestCitationNFR7Compliance" name="test_citations_contain_all_required_fields" time="0.002" /><testcase classname="tests.unit.test_bm25.TestBM25IndexCreation" name="test_create_index_with_multiple_chunks" time="0.067" /><testcase classname="tests.unit.test_attribution.TestCitationNFR7Compliance" name="test_citations_uniquely_identify_source_location" time="0.001" /><testcase classname="tests.unit.test_inspect_database_epic_3.TestFetchDistinctMetrics" name="test_fetch_distinct_metrics_empty_table" time="0.003" /><testcase classname="tests.unit.test_attribution.TestCitationNFR7Compliance" name="test_citations_traceable_to_original_document" time="0.001" /><testcase classname="tests.unit.test_attribution.TestCitationEdgeCases" name="test_citation_with_large_chunk_index" time="0.001" /><testcase classname="tests.unit.test_inspect_database_epic_3.TestFetchDistinctMetrics" name="test_fetch_distinct_metrics_database_error" time="0.001" /><testcase classname="tests.unit.test_attribution.TestCitationEdgeCases" name="test_citation_with_zero_chunk_index" time="0.001" /><testcase classname="tests.unit.test_inspect_database_epic_3.TestFetchDistinctPeriods" name="test_fetch_distinct_periods_success" time="0.003" /><testcase classname="tests.unit.test_attribution.TestCitationEdgeCases" name="test_citation_with_page_one" time="0.001" /><testcase classname="tests.unit.test_attribution.TestCitationEdgeCases" name="test_citation_with_multiline_text" time="0.001" /><testcase classname="tests.unit.test_inspect_database_epic_3.TestFetchDistinctEntities" name="test_fetch_distinct_entities_success" time="0.003" /><testcase classname="tests.unit.test_main.TestMCPServerInitialization" name="test_mcp_server_exists" time="0.000" /><testcase classname="tests.unit.test_main.TestMCPServerInitialization" name="test_mcp_server_tools_registered" time="0.000" /><testcase classname="tests.unit.test_main.TestIngestFinancialDocumentTool" name="test_ingest_tool_success" time="0.002" /><testcase classname="tests.unit.test_inspect_database_epic_3.TestFetchDistinctUnits" name="test_fetch_distinct_units_success" time="0.003" /><testcase classname="tests.unit.test_main.TestIngestFinancialDocumentTool" name="test_ingest_tool_file_not_found" time="0.002" /><testcase classname="tests.unit.test_inspect_database_epic_3.TestFetchRowCount" name="test_fetch_row_count_success" time="0.004" /><testcase classname="tests.unit.test_main.TestIngestFinancialDocumentTool" name="test_ingest_tool_processing_error" time="0.001" /><testcase classname="tests.unit.test_main.TestIngestFinancialDocumentTool" name="test_ingest_tool_structured_logging" time="0.001" /><testcase classname="tests.unit.test_main.TestQueryFinancialDocumentsTool" name="test_query_tool_success" time="0.002" /><testcase classname="tests.unit.test_inspect_database_epic_3.TestGenerateJsonCatalog" name="test_generate_json_catalog_structure" time="0.003" /><testcase classname="tests.unit.test_main.TestQueryFinancialDocumentsTool" name="test_query_tool_empty_query" time="0.001" /><testcase classname="tests.unit.test_main.TestQueryFinancialDocumentsTool" name="test_query_tool_whitespace_only_query" time="0.001" /><testcase classname="tests.unit.test_inspect_database_epic_3.TestGenerateJsonCatalog" name="test_generate_json_catalog_empty_data" time="0.004" /><testcase classname="tests.unit.test_main.TestQueryFinancialDocumentsTool" name="test_query_tool_search_error" time="0.001" /><testcase classname="tests.unit.test_main.TestQueryFinancialDocumentsTool" name="test_query_tool_unexpected_error" time="0.003" /><testcase classname="tests.unit.test_inspect_database_epic_3.TestSaveCatalogToFile" name="test_save_catalog_to_file_success" time="0.003" /><testcase classname="tests.unit.test_main.TestQueryFinancialDocumentsTool" name="test_query_tool_structured_logging" time="0.001" /><testcase classname="tests.unit.test_inspect_database_epic_3.TestSaveCatalogToFile" name="test_save_catalog_to_file_creates_directory" time="0.004" /><testcase classname="tests.unit.test_main.TestDocumentProcessingError" name="test_exception_creation" time="0.001" /><testcase classname="tests.unit.test_main.TestDocumentProcessingError" name="test_exception_inheritance" time="0.000" /><testcase classname="tests.unit.test_hybrid_search.TestBM25IndexCreation" name="test_bm25_index_creation_success" time="0.001" /><testcase classname="tests.unit.test_inspect_database_epic_3.TestInspectDatabase" name="test_inspect_database_full_flow" time="0.003" /><testcase classname="tests.unit.test_hybrid_search.TestBM25IndexCreation" name="test_bm25_index_empty_chunks" time="0.000" /><testcase classname="tests.unit.test_hybrid_search.TestBM25IndexCreation" name="test_bm25_index_parameters" time="0.000" /><testcase classname="tests.unit.test_hybrid_search.TestBM25Query" name="test_bm25_query_scores" time="0.001" /><testcase classname="tests.unit.test_inspect_database_epic_3.TestInspectDatabase" name="test_inspect_database_saves_json" time="0.003" /><testcase classname="tests.unit.test_hybrid_search.TestBM25Query" name="test_bm25_query_relevant_ranking" time="0.000" /><testcase classname="tests.unit.test_hybrid_search.TestScoreFusion" name="test_score_fusion_weighted_sum" time="0.000" /><testcase classname="tests.unit.test_hybrid_search.TestScoreFusion" name="test_score_fusion_top_k" time="0.000" /><testcase classname="tests.unit.test_hybrid_search.TestScoreFusion" name="test_score_fusion_empty_semantic" time="0.000" /><testcase classname="tests.unit.test_inspect_database_epic_3.TestCatalogStructureValidation" name="test_catalog_structure_validation" time="0.005" /><testcase classname="tests.unit.test_hybrid_search.TestScoreFusion" name="test_score_fusion_empty_bm25" time="0.000" /><testcase classname="tests.unit.test_hybrid_search.TestHybridSearchEndToEnd" name="test_hybrid_search_combines_results" time="0.002" /><testcase classname="tests.unit.test_hybrid_search.TestHybridSearchEndToEnd" name="test_hybrid_search_disabled_fallback" time="0.690" /><testcase classname="tests.unit.test_inspect_database_epic_3.TestCatalogStructureValidation" name="test_catalog_list_types" time="0.003" /><testcase classname="tests.unit.test_transposed_table_extraction.TestTransposedTableDetection" name="test_detect_transposed_single_header" time="0.012" /><testcase classname="tests.unit.test_bm25.TestBM25IndexCreation" name="test_create_index_with_custom_parameters" time="0.032" /><testcase classname="tests.unit.test_transposed_table_extraction.TestTransposedTableDetection" name="test_detect_transposed_multi_header" time="0.007" /><testcase classname="tests.unit.test_transposed_table_extraction.TestTransposedTableDetection" name="test_not_transposed_traditional_table" time="0.005" /><testcase classname="tests.unit.test_transposed_table_extraction.TestTransposedTableDetection" name="test_not_transposed_insufficient_metrics_threshold" time="0.005" /><testcase classname="tests.unit.test_transposed_table_extraction.TestTransposedTableDetection" name="test_not_transposed_insufficient_rows" time="0.003" /><testcase classname="tests.unit.test_transposed_table_extraction.TestTransposedTableExtraction" name="test_extract_single_header_transposed" time="0.018" /><testcase classname="tests.unit.test_bm25.TestBM25IndexCreation" name="test_create_index_empty_chunks_raises_error" time="0.001" /><testcase classname="tests.unit.test_bm25.TestBM25IndexCreation" name="test_create_index_with_empty_content_raises_error" time="0.021" /><testcase classname="tests.unit.test_transposed_table_extraction.TestTransposedTableExtraction" name="test_extract_multi_header_transposed" time="0.011" /><testcase classname="tests.unit.test_bm25.TestBM25IndexCreation" name="test_create_index_tokenization_preserves_financial_terms" time="0.007" /><testcase classname="tests.unit.test_transposed_table_extraction.TestTransposedTableExtraction" name="test_extract_handles_empty_cells" time="0.005" /><testcase classname="tests.unit.test_bm25.TestBM25IndexPersistence" name="test_save_and_load_index_roundtrip" time="0.036" /><testcase classname="tests.unit.test_transposed_table_extraction.TestTransposedTableExtraction" name="test_extract_metric_parsing" time="0.008" /><testcase classname="tests.unit.test_transposed_table_extraction.TestTransposedTableExtraction" name="test_extract_column_name_generation" time="0.006" /><testcase classname="tests.unit.test_transposed_table_extraction.TestTransposedTableExtraction" name="test_extract_metadata_fields" time="0.004" /><testcase classname="tests.unit.test_metadata_extraction.TestExtractChunkMetadata" name="test_metadata_extraction_success" time="0.001"><skipped type="pytest.skip" message="Test needs updating for Mistral API - currently uses outdated OpenAI mocks">/Users/ricardocarvalho/DeveloperFolder/RAGLite/tests/unit/test_metadata_extraction.py:95: Test needs updating for Mistral API - currently uses outdated OpenAI mocks</skipped></testcase><testcase classname="tests.unit.test_metadata_extraction.TestExtractChunkMetadata" name="test_metadata_extraction_partial_fields" time="0.001"><skipped type="pytest.skip" message="Test needs updating for Mistral API - caching removed in Story 2.4">/Users/ricardocarvalho/DeveloperFolder/RAGLite/tests/unit/test_metadata_extraction.py:130: Test needs updating for Mistral API - caching removed in Story 2.4</skipped></testcase><testcase classname="tests.unit.test_metadata_extraction.TestExtractChunkMetadata" name="test_metadata_extraction_no_api_key" time="0.001"><skipped type="pytest.skip" message="Test needs updating for Mistral API - caching removed in Story 2.4">/Users/ricardocarvalho/DeveloperFolder/RAGLite/tests/unit/test_metadata_extraction.py:136: Test needs updating for Mistral API - caching removed in Story 2.4</skipped></testcase><testcase classname="tests.unit.test_metadata_extraction.TestExtractChunkMetadata" name="test_metadata_extraction_api_failure" time="0.001"><skipped type="pytest.skip" message="Test needs updating for Mistral API - caching removed in Story 2.4">/Users/ricardocarvalho/DeveloperFolder/RAGLite/tests/unit/test_metadata_extraction.py:142: Test needs updating for Mistral API - caching removed in Story 2.4</skipped></testcase><testcase classname="tests.unit.test_metadata_extraction.TestExtractChunkMetadata" name="test_metadata_caching_enabled" time="0.001"><skipped type="pytest.skip" message="Caching removed in Story 2.4 - per-chunk extraction doesn't use caching">/Users/ricardocarvalho/DeveloperFolder/RAGLite/tests/unit/test_metadata_extraction.py:148: Caching removed in Story 2.4 - per-chunk extraction doesn't use caching</skipped></testcase><testcase classname="tests.unit.test_metadata_extraction.TestExtractChunkMetadata" name="test_metadata_caching_disabled" time="0.001"><skipped type="pytest.skip" message="Caching removed in Story 2.4 - per-chunk extraction doesn't use caching">/Users/ricardocarvalho/DeveloperFolder/RAGLite/tests/unit/test_metadata_extraction.py:154: Caching removed in Story 2.4 - per-chunk extraction doesn't use caching</skipped></testcase><testcase classname="tests.unit.test_metadata_extraction.TestExtractChunkMetadata" name="test_text_truncation" time="0.001"><skipped type="pytest.skip" message="Truncation removed in Story 2.3 - chunks are already 512 tokens">/Users/ricardocarvalho/DeveloperFolder/RAGLite/tests/unit/test_metadata_extraction.py:160: Truncation removed in Story 2.3 - chunks are already 512 tokens</skipped></testcase><testcase classname="tests.unit.test_metadata_extraction.TestExtractedMetadataModel" name="test_extracted_metadata_all_fields" time="0.000" /><testcase classname="tests.unit.test_metadata_extraction.TestExtractedMetadataModel" name="test_extracted_metadata_optional_fields" time="0.000" /><testcase classname="tests.unit.test_metadata_extraction.TestExtractedMetadataModel" name="test_extracted_metadata_defaults" time="0.000" /><testcase classname="tests.unit.test_response_formatting" name="test_query_result_metadata_completeness" time="0.000" /><testcase classname="tests.unit.test_response_formatting" name="test_query_result_page_number_none_handling" time="0.000" /><testcase classname="tests.unit.test_response_formatting" name="test_query_result_score_range" time="0.001" /><testcase classname="tests.unit.test_response_formatting" name="test_query_response_serialization" time="0.000" /><testcase classname="tests.unit.test_response_formatting" name="test_citation_format" time="0.000" /><testcase classname="tests.unit.test_bm25.TestBM25IndexPersistence" name="test_save_index_with_metadata" time="0.023" /><testcase classname="tests.unit.test_response_formatting" name="test_empty_results_handling" time="0.000" /><testcase classname="tests.unit.test_response_formatting" name="test_edge_case_metadata" time="0.000" /><testcase classname="tests.unit.test_response_formatting" name="test_metadata_completeness_validation" time="0.000" /><testcase classname="tests.unit.test_response_formatting" name="test_query_request_validation" time="0.000" /><testcase classname="tests.unit.test_query_classifier.TestQueryClassification" name="test_sql_only_classification" time="0.003" /><testcase classname="tests.unit.test_query_classifier.TestQueryClassification" name="test_vector_only_classification" time="0.001" /><testcase classname="tests.unit.test_query_classifier.TestQueryClassification" name="test_hybrid_classification" time="0.001" /><testcase classname="tests.unit.test_query_classifier.TestQueryClassification" name="test_overall_accuracy" time="0.001" /><testcase classname="tests.unit.test_query_classifier.TestQueryClassification" name="test_classification_latency" time="0.003" /><testcase classname="tests.unit.test_query_classifier.TestQueryClassification" name="test_empty_query" time="0.000" /><testcase classname="tests.unit.test_query_classifier.TestQueryClassification" name="test_numeric_pattern_detection" time="0.001" /><testcase classname="tests.unit.test_query_classifier.TestQueryClassification" name="test_semantic_keyword_detection" time="0.001" /><testcase classname="tests.unit.test_sql_hybrid_search" name="test_hybrid_search_single_entity_literal" time="0.625" /><testcase classname="tests.unit.test_bm25.TestBM25IndexPersistence" name="test_load_nonexistent_index_raises_error" time="0.000" /><testcase classname="tests.unit.test_bm25.TestBM25IndexPersistence" name="test_save_index_creates_directory" time="0.014" /><testcase classname="tests.unit.test_bm25.TestBM25Caching" name="test_load_index_uses_cache_on_second_call" time="0.023" /><testcase classname="tests.unit.test_bm25.TestBM25Caching" name="test_clear_cache_forces_reload_from_disk" time="0.016" /><testcase classname="tests.unit.test_bm25.TestBM25ScoreComputation" name="test_compute_scores_returns_score_per_document" time="0.032" /><testcase classname="tests.unit.test_bm25.TestBM25ScoreComputation" name="test_compute_scores_higher_for_matching_terms" time="0.020" /><testcase classname="tests.unit.test_bm25.TestBM25ScoreComputation" name="test_compute_scores_empty_query_returns_empty" time="0.020" /><testcase classname="tests.unit.test_bm25.TestBM25ScoreComputation" name="test_compute_scores_whitespace_query_returns_empty" time="0.013" /><testcase classname="tests.unit.test_bm25.TestBM25IndexError" name="test_index_error_is_exception" time="0.000" /><testcase classname="tests.unit.test_bm25.TestBM25EndToEnd" name="test_complete_workflow_create_save_load_score" time="0.025" /><testcase classname="tests.unit.test_table_aware_chunking" name="test_split_large_table_small_table" time="0.003" /><testcase classname="tests.unit.test_table_aware_chunking" name="test_split_large_table_by_rows_headers_preserved" time="0.017" /><testcase classname="tests.unit.test_table_aware_chunking" name="test_split_large_table_context_prefix" time="0.001" /><testcase classname="tests.unit.test_table_aware_chunking" name="test_split_large_table_edge_case_single_row" time="0.001" /><testcase classname="tests.unit.test_table_aware_chunking" name="test_split_large_table_edge_case_empty_table" time="0.001" /><testcase classname="tests.unit.test_table_aware_chunking" name="test_token_counting_accuracy" time="0.000" /><testcase classname="tests.unit.test_table_aware_chunking" name="test_table_chunk_section_type" time="0.000" /><testcase classname="tests.unit.test_ac2_multi_entity_queries" name="test_multi_entity_comparison_portugal_vs_tunisia" time="1.022" /><testcase classname="tests.unit.test_hybrid_search.TestHybridSearchEndToEnd" name="test_hybrid_search_bm25_unavailable_fallback" time="0.671" /><testcase classname="tests.unit.test_sql_hybrid_search" name="test_hybrid_search_fuzzy_entity_matching" time="0.606" /><testcase classname="tests.unit.test_ac2_multi_entity_queries" name="test_multi_entity_comparison_which_higher" time="0.939" /><testcase classname="tests.unit.test_hybrid_search.TestHybridSearchEndToEnd" name="test_hybrid_search_improves_ranking" time="0.510" /><testcase classname="tests.unit.test_sql_hybrid_search" name="test_hybrid_search_multi_entity_comparison" time="0.932" /><testcase classname="tests.unit.test_ingestion.TestIngestPDF" name="test_ingest_pdf_file_not_found" time="0.001" /><testcase classname="tests.unit.test_ingestion.TestIngestPDF" name="test_ingest_pdf_corrupted" time="0.632" /><testcase classname="tests.unit.test_merge_results_normalization" name="test_merge_results_empty_inputs" time="0.001" /><testcase classname="tests.unit.test_merge_results_normalization" name="test_merge_results_score_normalization_basic" time="0.000" /><testcase classname="tests.unit.test_merge_results_normalization" name="test_merge_results_alpha_sensitivity_after_normalization" time="0.000" /><testcase classname="tests.unit.test_merge_results_normalization" name="test_merge_results_deduplication_with_normalization" time="0.000" /><testcase classname="tests.unit.test_merge_results_normalization" name="test_merge_results_realistic_scenario" time="0.001" /><testcase classname="tests.unit.test_merge_results_normalization" name="test_merge_results_no_sql_degradation" time="0.000" /><testcase classname="tests.unit.test_page_extraction.TestChunkByDoclingItems" name="test_chunk_by_docling_items_extracts_page_numbers" time="0.011" /><testcase classname="tests.unit.test_page_extraction.TestChunkByDoclingItems" name="test_chunk_by_docling_items_handles_missing_prov" time="0.005" /><testcase classname="tests.unit.test_page_extraction.TestChunkByDoclingItems" name="test_chunk_by_docling_items_respects_page_boundaries" time="0.006" /><testcase classname="tests.unit.test_page_extraction.TestChunkByDoclingItems" name="test_chunk_by_docling_items_maintains_chunk_size" time="0.004" /><testcase classname="tests.unit.test_page_extraction.TestChunkByDoclingItems" name="test_chunk_by_docling_items_handles_table_items" time="0.003" /><testcase classname="tests.unit.test_shared_clients" name="test_get_qdrant_client_success" time="0.003" /><testcase classname="tests.unit.test_shared_clients" name="test_get_qdrant_client_connection_error" time="3.009" /><testcase classname="tests.unit.test_ac2_multi_entity_queries" name="test_multi_entity_vs_keyword" time="1.087" /><testcase classname="tests.unit.test_sql_hybrid_search" name="test_hybrid_search_keyword_detection" time="6.741" /><testcase classname="tests.unit.test_ingestion.TestIngestPDF" name="test_ingest_pdf_page_numbers_extracted" time="0.043" /><testcase classname="tests.unit.test_ingestion.TestIngestPDF" name="test_ingest_pdf_no_page_metadata" time="1.751" /><testcase classname="tests.unit.test_ac2_multi_entity_queries" name="test_multi_entity_between_keyword" time="0.978" /><testcase classname="tests.unit.test_ingestion.TestIngestPDF" name="test_ingest_pdf_docling_init_failure" time="0.322" /><testcase classname="tests.unit.test_ac2_multi_entity_queries" name="test_multi_entity_higher_lower" time="1.343" /><testcase classname="tests.unit.test_ingestion.TestIngestPDF" name="test_ingest_pdf_logging" time="0.029" /><testcase classname="tests.unit.test_ingestion.TestExtractExcel" name="test_extract_excel_success" time="0.015" /><testcase classname="tests.unit.test_ingestion.TestExtractExcel" name="test_extract_excel_multi_sheet" time="0.015" /><testcase classname="tests.unit.test_ingestion.TestExtractExcel" name="test_extract_excel_numeric_formats" time="0.014" /><testcase classname="tests.unit.test_ingestion.TestExtractExcel" name="test_extract_excel_file_not_found" time="0.001" /><testcase classname="tests.unit.test_ingestion.TestExtractExcel" name="test_extract_excel_password_protected" time="0.002" /><testcase classname="tests.unit.test_ingestion.TestExtractExcel" name="test_extract_excel_corrupted" time="0.002" /><testcase classname="tests.unit.test_ingestion.TestExtractExcel" name="test_extract_excel_sheet_numbers" time="0.017" /><testcase classname="tests.unit.test_ingestion.TestExtractExcel" name="test_extract_excel_empty_workbook" time="0.002" /><testcase classname="tests.unit.test_ingestion.TestIngestDocument" name="test_ingest_document_pdf" time="0.001" /><testcase classname="tests.unit.test_ingestion.TestIngestDocument" name="test_ingest_document_excel" time="0.001" /><testcase classname="tests.unit.test_ingestion.TestIngestDocument" name="test_ingest_document_unsupported_format" time="0.001" /><testcase classname="tests.unit.test_ingestion.TestIngestDocument" name="test_ingest_document_file_not_found" time="0.001" /><testcase classname="tests.unit.test_ingestion.TestChunkDocument" name="test_chunk_document_basic" time="0.001" /><testcase classname="tests.unit.test_ingestion.TestChunkDocument" name="test_chunk_overlap" time="0.001" /><testcase classname="tests.unit.test_ingestion.TestChunkDocument" name="test_chunk_page_numbers" time="0.001" /><testcase classname="tests.unit.test_ingestion.TestChunkDocument" name="test_chunk_short_document" time="0.001" /><testcase classname="tests.unit.test_ingestion.TestChunkDocument" name="test_chunk_empty_document" time="0.001" /><testcase classname="tests.unit.test_ingestion.TestChunkDocument" name="test_chunk_invalid_parameters" time="0.001" /><testcase classname="tests.unit.test_ingestion.TestGenerateEmbeddings" name="test_generate_embeddings_basic" time="0.003" /><testcase classname="tests.unit.test_ingestion.TestGenerateEmbeddings" name="test_embedding_dimensions" time="0.001" /><testcase classname="tests.unit.test_ingestion.TestGenerateEmbeddings" name="test_batch_processing" time="0.003" /><testcase classname="tests.unit.test_ingestion.TestGenerateEmbeddings" name="test_empty_chunk_handling" time="0.001" /><testcase classname="tests.unit.test_ingestion.TestGenerateEmbeddings" name="test_embeddings_not_none" time="0.002" /><testcase classname="tests.unit.test_ingestion.TestGenerateEmbeddings" name="test_embedding_generation_error_handling" time="0.001" /><testcase classname="tests.unit.test_ingestion.TestGenerateEmbeddings" name="test_get_embedding_model_singleton" time="0.001" /><testcase classname="tests.unit.test_ingestion.TestGenerateEmbeddings" name="test_generate_embeddings_logging" time="0.001" /><testcase classname="tests.unit.test_ingestion.TestQdrantStorage" name="test_create_collection_success" time="0.001" /><testcase classname="tests.unit.test_ingestion.TestQdrantStorage" name="test_create_collection_idempotent" time="0.001" /><testcase classname="tests.unit.test_ingestion.TestQdrantStorage" name="test_store_vectors_basic" time="0.005" /><testcase classname="tests.unit.test_ingestion.TestQdrantStorage" name="test_batch_upload_processing" time="0.023" /><testcase classname="tests.unit.test_ingestion.TestQdrantStorage" name="test_metadata_preservation" time="0.005" /><testcase classname="tests.unit.test_ingestion.TestQdrantStorage" name="test_empty_chunks_handling" time="0.001" /><testcase classname="tests.unit.test_ingestion.TestQdrantStorage" name="test_storage_error_handling" time="0.003" /><testcase classname="tests.unit.test_ingestion.TestQdrantStorage" name="test_get_qdrant_client_singleton" time="0.001" /><testcase classname="tests.unit.test_pypdfium_backend.TestPypdfiumBackendConfiguration" name="test_backend_import_successful" time="0.000" /><testcase classname="tests.unit.test_pypdfium_backend.TestPypdfiumBackendConfiguration" name="test_pipeline_options_configuration" time="0.000" /><testcase classname="tests.unit.test_pypdfium_backend.TestPypdfiumBackendConfiguration" name="test_document_converter_accepts_pypdfium_backend" time="0.007" /><testcase classname="tests.unit.test_pypdfium_backend.TestPypdfiumBackendConfiguration" name="test_backend_type_is_correct" time="0.000" /><testcase classname="tests.unit.test_shared_config" name="test_settings_load_from_env" time="0.003" /><testcase classname="tests.unit.test_shared_config" name="test_settings_default_values" time="0.002" /><testcase classname="tests.unit.test_shared_config" name="test_settings_missing_api_key_optional" time="0.002" /><testcase classname="tests.unit.test_shared_config" name="test_settings_type_validation" time="0.003" /><testcase classname="tests.unit.test_shared_clients" name="test_get_claude_client_success" time="0.001" /><testcase classname="tests.unit.test_shared_clients" name="test_get_claude_client_missing_api_key" time="0.000" /><testcase classname="tests.unit.test_shared_clients" name="test_get_claude_client_empty_api_key" time="0.001" /><testcase classname="tests.unit.test_ac2_multi_entity_queries" name="test_comparison_keyword_detection" time="8.481" /><testcase classname="tests.unit.test_sql_hybrid_search" name="test_hybrid_search_literal_metric_matching" time="1.013" /><testcase classname="tests.unit.test_sql_hybrid_search" name="test_hybrid_search_empty_result_handling" time="1.004" /><testcase classname="tests.unit.test_sql_hybrid_search" name="test_hybrid_search_sql_generation_success" time="4.672" /><testcase classname="tests.unit.test_shared_models" name="test_document_metadata_creation" time="0.001" /><testcase classname="tests.unit.test_shared_models" name="test_document_metadata_missing_required_field" time="0.001" /><testcase classname="tests.unit.test_shared_models" name="test_chunk_creation" time="0.001" /><testcase classname="tests.unit.test_shared_models" name="test_chunk_default_embedding" time="0.000" /><testcase classname="tests.unit.test_shared_models" name="test_search_result_score_validation" time="0.001" /></testsuite></testsuites>
